<?xml version="1.0" encoding="UTF-8"?>
<coverage generated="1768498846704" clover="3.2.0">
  <project timestamp="1768498846704" name="All files">
    <metrics statements="887" coveredstatements="162" conditionals="846" coveredconditionals="223" methods="163" coveredmethods="25" elements="1896" coveredelements="410" complexity="0" loc="887" ncloc="887" packages="1" files="1" classes="1"/>
    <file name="index.ts" path="/Users/kevin/github/personal/slinky-do/src/index.ts">
      <metrics statements="887" coveredstatements="162" conditionals="846" coveredconditionals="223" methods="163" coveredmethods="25"/>
      <line num="11" count="4" type="cond" truecount="4" falsecount="0"/>
      <line num="15" count="4" type="stmt"/>
      <line num="28" count="4" type="stmt"/>
      <line num="29" count="4" type="stmt"/>
      <line num="61" count="4" type="stmt"/>
      <line num="69" count="4" type="stmt"/>
      <line num="75" count="0" type="cond" truecount="0" falsecount="4"/>
      <line num="80" count="0" type="stmt"/>
      <line num="81" count="0" type="stmt"/>
      <line num="86" count="31" type="stmt"/>
      <line num="87" count="31" type="stmt"/>
      <line num="88" count="31" type="cond" truecount="4" falsecount="0"/>
      <line num="93" count="52" type="stmt"/>
      <line num="100" count="52" type="cond" truecount="2" falsecount="0"/>
      <line num="101" count="8" type="stmt"/>
      <line num="102" count="8" type="stmt"/>
      <line num="103" count="47" type="cond" truecount="4" falsecount="0"/>
      <line num="104" count="3" type="stmt"/>
      <line num="105" count="3" type="stmt"/>
      <line num="106" count="42" type="cond" truecount="4" falsecount="0"/>
      <line num="107" count="3" type="stmt"/>
      <line num="108" count="3" type="stmt"/>
      <line num="112" count="52" type="cond" truecount="2" falsecount="0"/>
      <line num="113" count="3" type="stmt"/>
      <line num="114" count="3" type="stmt"/>
      <line num="115" count="50" type="cond" truecount="4" falsecount="0"/>
      <line num="116" count="2" type="stmt"/>
      <line num="117" count="48" type="cond" truecount="4" falsecount="0"/>
      <line num="118" count="6" type="stmt"/>
      <line num="119" count="6" type="stmt"/>
      <line num="123" count="52" type="cond" truecount="2" falsecount="0"/>
      <line num="124" count="4" type="stmt"/>
      <line num="125" count="4" type="stmt"/>
      <line num="126" count="50" type="cond" truecount="8" falsecount="0"/>
      <line num="127" count="4" type="stmt"/>
      <line num="128" count="4" type="stmt"/>
      <line num="129" count="46" type="cond" truecount="4" falsecount="0"/>
      <line num="130" count="2" type="stmt"/>
      <line num="131" count="2" type="stmt"/>
      <line num="132" count="43" type="cond" truecount="4" falsecount="0"/>
      <line num="133" count="3" type="stmt"/>
      <line num="134" count="3" type="stmt"/>
      <line num="135" count="40" type="cond" truecount="4" falsecount="0"/>
      <line num="136" count="3" type="stmt"/>
      <line num="137" count="3" type="stmt"/>
      <line num="138" count="38" type="cond" truecount="4" falsecount="0"/>
      <line num="139" count="2" type="stmt"/>
      <line num="140" count="2" type="stmt"/>
      <line num="141" count="35" type="cond" truecount="4" falsecount="0"/>
      <line num="142" count="4" type="stmt"/>
      <line num="143" count="4" type="stmt"/>
      <line num="144" count="32" type="cond" truecount="4" falsecount="0"/>
      <line num="145" count="2" type="stmt"/>
      <line num="146" count="2" type="stmt"/>
      <line num="150" count="52" type="stmt"/>
      <line num="151" count="52" type="cond" truecount="2" falsecount="0"/>
      <line num="152" count="27" type="stmt"/>
      <line num="154" count="27" type="stmt"/>
      <line num="155" count="27" type="stmt"/>
      <line num="156" count="27" type="stmt"/>
      <line num="157" count="6" type="stmt"/>
      <line num="160" count="52" type="stmt"/>
      <line num="164" count="55" type="stmt"/>
      <line num="165" count="55" type="stmt"/>
      <line num="168" count="55" type="cond" truecount="2" falsecount="0"/>
      <line num="169" count="55" type="cond" truecount="2" falsecount="0"/>
      <line num="170" count="55" type="cond" truecount="6" falsecount="0"/>
      <line num="171" count="55" type="cond" truecount="6" falsecount="0"/>
      <line num="172" count="55" type="cond" truecount="2" falsecount="0"/>
      <line num="173" count="55" type="cond" truecount="2" falsecount="0"/>
      <line num="174" count="55" type="cond" truecount="2" falsecount="0"/>
      <line num="175" count="55" type="cond" truecount="6" falsecount="0"/>
      <line num="176" count="55" type="cond" truecount="2" falsecount="0"/>
      <line num="177" count="55" type="cond" truecount="8" falsecount="0"/>
      <line num="178" count="8" type="stmt"/>
      <line num="180" count="55" type="cond" truecount="6" falsecount="0"/>
      <line num="181" count="55" type="cond" truecount="6" falsecount="0"/>
      <line num="182" count="55" type="cond" truecount="6" falsecount="0"/>
      <line num="183" count="4" type="stmt"/>
      <line num="186" count="55" type="stmt"/>
      <line num="190" count="33" type="cond" truecount="2" falsecount="0"/>
      <line num="191" count="2" type="stmt"/>
      <line num="194" count="31" type="stmt"/>
      <line num="195" count="31" type="cond" truecount="2" falsecount="0"/>
      <line num="196" count="6" type="stmt"/>
      <line num="199" count="25" type="stmt"/>
      <line num="200" count="25" type="cond" truecount="4" falsecount="0"/>
      <line num="201" count="33" type="stmt"/>
      <line num="202" count="33" type="stmt"/>
      <line num="204" count="0" type="stmt"/>
      <line num="209" count="36" type="stmt"/>
      <line num="212" count="36" type="cond" truecount="2" falsecount="0"/>
      <line num="213" count="36" type="cond" truecount="6" falsecount="0"/>
      <line num="214" count="36" type="cond" truecount="6" falsecount="0"/>
      <line num="215" count="36" type="cond" truecount="6" falsecount="0"/>
      <line num="216" count="36" type="cond" truecount="6" falsecount="0"/>
      <line num="217" count="36" type="cond" truecount="2" falsecount="0"/>
      <line num="220" count="36" type="cond" truecount="4" falsecount="0"/>
      <line num="221" count="36" type="stmt"/>
      <line num="222" count="36" type="stmt"/>
      <line num="224" count="36" type="stmt"/>
      <line num="229" count="10" type="cond" truecount="8" falsecount="0"/>
      <line num="231" count="8" type="stmt"/>
      <line num="232" count="6" type="cond" truecount="2" falsecount="0"/>
      <line num="233" count="5" type="stmt"/>
      <line num="234" count="5" type="stmt"/>
      <line num="235" count="5" type="stmt"/>
      <line num="236" count="5" type="stmt"/>
      <line num="237" count="5" type="stmt"/>
      <line num="238" count="4" type="cond" truecount="1" falsecount="1"/>
      <line num="239" count="4" type="stmt"/>
      <line num="243" count="6" type="stmt"/>
      <line num="248" count="0" type="stmt"/>
      <line num="256" count="0" type="stmt"/>
      <line num="258" count="0" type="stmt"/>
      <line num="259" count="0" type="cond" truecount="0" falsecount="2"/>
      <line num="261" count="0" type="stmt"/>
      <line num="262" count="0" type="stmt"/>
      <line num="264" count="0" type="cond" truecount="0" falsecount="2"/>
      <line num="266" count="0" type="cond" truecount="0" falsecount="2"/>
      <line num="267" count="0" type="stmt"/>
      <line num="269" count="0" type="stmt"/>
      <line num="270" count="0" type="cond" truecount="0" falsecount="4"/>
      <line num="271" count="0" type="stmt"/>
      <line num="274" count="0" type="stmt"/>
      <line num="275" count="0" type="cond" truecount="0" falsecount="4"/>
      <line num="278" count="0" type="stmt"/>
      <line num="279" count="0" type="stmt"/>
      <line num="280" count="0" type="stmt"/>
      <line num="281" count="0" type="cond" truecount="0" falsecount="2"/>
      <line num="283" count="0" type="stmt"/>
      <line num="286" count="0" type="stmt"/>
      <line num="287" count="0" type="cond" truecount="0" falsecount="2"/>
      <line num="288" count="0" type="stmt"/>
      <line num="289" count="0" type="cond" truecount="0" falsecount="4"/>
      <line num="300" count="0" type="stmt"/>
      <line num="301" count="0" type="stmt"/>
      <line num="306" count="20" type="stmt"/>
      <line num="307" count="20" type="stmt"/>
      <line num="308" count="20" type="stmt"/>
      <line num="309" count="20" type="stmt"/>
      <line num="310" count="20" type="stmt"/>
      <line num="312" count="20" type="cond" truecount="2" falsecount="0"/>
      <line num="313" count="18" type="cond" truecount="6" falsecount="0"/>
      <line num="314" count="14" type="cond" truecount="6" falsecount="0"/>
      <line num="315" count="10" type="cond" truecount="2" falsecount="0"/>
      <line num="316" count="8" type="cond" truecount="2" falsecount="0"/>
      <line num="317" count="6" type="cond" truecount="6" falsecount="0"/>
      <line num="318" count="2" type="stmt"/>
      <line num="323" count="11" type="stmt"/>
      <line num="328" count="32" type="stmt"/>
      <line num="329" count="32" type="stmt"/>
      <line num="331" count="32" type="stmt"/>
      <line num="332" count="46" type="stmt"/>
      <line num="334" count="32" type="stmt"/>
      <line num="342" count="0" type="stmt"/>
      <line num="343" count="0" type="stmt"/>
      <line num="346" count="0" type="stmt"/>
      <line num="348" count="0" type="stmt"/>
      <line num="349" count="0" type="cond" truecount="0" falsecount="2"/>
      <line num="351" count="0" type="stmt"/>
      <line num="353" count="0" type="cond" truecount="0" falsecount="2"/>
      <line num="354" count="0" type="stmt"/>
      <line num="355" count="0" type="cond" truecount="0" falsecount="4"/>
      <line num="356" count="0" type="stmt"/>
      <line num="357" count="0" type="stmt"/>
      <line num="358" count="0" type="stmt"/>
      <line num="359" count="0" type="stmt"/>
      <line num="360" count="0" type="cond" truecount="0" falsecount="4"/>
      <line num="364" count="0" type="cond" truecount="0" falsecount="2"/>
      <line num="365" count="0" type="stmt"/>
      <line num="366" count="0" type="stmt"/>
      <line num="367" count="0" type="cond" truecount="0" falsecount="4"/>
      <line num="369" count="0" type="stmt"/>
      <line num="382" count="0" type="stmt"/>
      <line num="383" count="0" type="stmt"/>
      <line num="392" count="0" type="stmt"/>
      <line num="393" count="0" type="stmt"/>
      <line num="394" count="0" type="stmt"/>
      <line num="398" count="0" type="stmt"/>
      <line num="403" count="0" type="stmt"/>
      <line num="404" count="0" type="stmt"/>
      <line num="405" count="0" type="stmt"/>
      <line num="406" count="0" type="cond" truecount="0" falsecount="8"/>
      <line num="407" count="0" type="stmt"/>
      <line num="410" count="0" type="cond" truecount="0" falsecount="2"/>
      <line num="411" count="0" type="stmt"/>
      <line num="412" count="0" type="stmt"/>
      <line num="414" count="0" type="stmt"/>
      <line num="416" count="0" type="stmt"/>
      <line num="422" count="0" type="stmt"/>
      <line num="425" count="0" type="stmt"/>
      <line num="427" count="0" type="stmt"/>
      <line num="428" count="0" type="cond" truecount="0" falsecount="2"/>
      <line num="430" count="0" type="stmt"/>
      <line num="432" count="0" type="cond" truecount="0" falsecount="2"/>
      <line num="433" count="0" type="stmt"/>
      <line num="434" count="0" type="cond" truecount="0" falsecount="4"/>
      <line num="436" count="0" type="stmt"/>
      <line num="437" count="0" type="stmt"/>
      <line num="438" count="0" type="stmt"/>
      <line num="439" count="0" type="stmt"/>
      <line num="444" count="0" type="stmt"/>
      <line num="445" count="0" type="stmt"/>
      <line num="450" count="0" type="stmt"/>
      <line num="452" count="0" type="cond" truecount="0" falsecount="2"/>
      <line num="454" count="0" type="cond" truecount="0" falsecount="4"/>
      <line num="455" count="0" type="stmt"/>
      <line num="462" count="0" type="stmt"/>
      <line num="463" count="0" type="stmt"/>
      <line num="466" count="0" type="stmt"/>
      <line num="468" count="0" type="stmt"/>
      <line num="469" count="0" type="cond" truecount="0" falsecount="2"/>
      <line num="471" count="0" type="stmt"/>
      <line num="473" count="0" type="cond" truecount="0" falsecount="2"/>
      <line num="474" count="0" type="stmt"/>
      <line num="475" count="0" type="cond" truecount="0" falsecount="4"/>
      <line num="476" count="0" type="stmt"/>
      <line num="477" count="0" type="stmt"/>
      <line num="478" count="0" type="stmt"/>
      <line num="479" count="0" type="stmt"/>
      <line num="481" count="0" type="cond" truecount="0" falsecount="2"/>
      <line num="482" count="0" type="stmt"/>
      <line num="483" count="0" type="stmt"/>
      <line num="484" count="0" type="cond" truecount="0" falsecount="4"/>
      <line num="486" count="0" type="stmt"/>
      <line num="499" count="0" type="stmt"/>
      <line num="500" count="0" type="stmt"/>
      <line num="505" count="0" type="cond" truecount="0" falsecount="6"/>
      <line num="506" count="0" type="stmt"/>
      <line num="509" count="0" type="stmt"/>
      <line num="510" count="0" type="stmt"/>
      <line num="511" count="0" type="stmt"/>
      <line num="512" count="0" type="stmt"/>
      <line num="517" count="74" type="stmt"/>
      <line num="518" count="74" type="stmt"/>
      <line num="520" count="74" type="stmt"/>
      <line num="522" count="2164" type="stmt"/>
      <line num="523" count="2164" type="cond" truecount="2" falsecount="0"/>
      <line num="524" count="2138" type="stmt"/>
      <line num="525" count="2138" type="stmt"/>
      <line num="526" count="2138" type="stmt"/>
      <line num="529" count="2138" type="stmt"/>
      <line num="532" count="2138" type="cond" truecount="4" falsecount="0"/>
      <line num="533" count="2138" type="stmt"/>
      <line num="536" count="2138" type="stmt"/>
      <line num="538" count="2130" type="stmt"/>
      <line num="549" count="74" type="stmt"/>
      <line num="553" count="4" type="stmt"/>
      <line num="560" count="4" type="stmt"/>
      <line num="568" count="0" type="stmt"/>
      <line num="570" count="0" type="stmt"/>
      <line num="571" count="0" type="stmt"/>
      <line num="572" count="0" type="stmt"/>
      <line num="575" count="0" type="stmt"/>
      <line num="579" count="0" type="cond" truecount="0" falsecount="8"/>
      <line num="580" count="0" type="stmt"/>
      <line num="583" count="0" type="cond" truecount="0" falsecount="2"/>
      <line num="588" count="0" type="stmt"/>
      <line num="589" count="0" type="stmt"/>
      <line num="591" count="0" type="stmt"/>
      <line num="600" count="0" type="stmt"/>
      <line num="614" count="4" type="stmt"/>
      <line num="624" count="0" type="stmt"/>
      <line num="625" count="0" type="cond" truecount="0" falsecount="4"/>
      <line num="626" count="0" type="stmt"/>
      <line num="629" count="0" type="cond" truecount="0" falsecount="2"/>
      <line num="630" count="0" type="stmt"/>
      <line num="642" count="0" type="stmt"/>
      <line num="647" count="0" type="stmt"/>
      <line num="650" count="0" type="stmt"/>
      <line num="651" count="0" type="cond" truecount="0" falsecount="4"/>
      <line num="652" count="0" type="stmt"/>
      <line num="655" count="0" type="stmt"/>
      <line num="659" count="0" type="stmt"/>
      <line num="662" count="0" type="stmt"/>
      <line num="665" count="0" type="stmt"/>
      <line num="666" count="0" type="stmt"/>
      <line num="667" count="0" type="stmt"/>
      <line num="681" count="0" type="stmt"/>
      <line num="684" count="0" type="stmt"/>
      <line num="686" count="0" type="stmt"/>
      <line num="695" count="0" type="stmt"/>
      <line num="709" count="4" type="stmt"/>
      <line num="717" count="0" type="stmt"/>
      <line num="718" count="0" type="cond" truecount="0" falsecount="4"/>
      <line num="719" count="0" type="stmt"/>
      <line num="720" count="0" type="stmt"/>
      <line num="721" count="0" type="stmt"/>
      <line num="725" count="0" type="cond" truecount="0" falsecount="2"/>
      <line num="727" count="0" type="stmt"/>
      <line num="729" count="0" type="stmt"/>
      <line num="730" count="0" type="cond" truecount="0" falsecount="2"/>
      <line num="732" count="0" type="stmt"/>
      <line num="735" count="0" type="cond" truecount="0" falsecount="2"/>
      <line num="737" count="0" type="cond" truecount="0" falsecount="2"/>
      <line num="738" count="0" type="stmt"/>
      <line num="739" count="0" type="cond" truecount="0" falsecount="4"/>
      <line num="740" count="0" type="stmt"/>
      <line num="741" count="0" type="stmt"/>
      <line num="744" count="0" type="stmt"/>
      <line num="745" count="0" type="stmt"/>
      <line num="747" count="0" type="cond" truecount="0" falsecount="6"/>
      <line num="749" count="0" type="stmt"/>
      <line num="750" count="0" type="cond" truecount="0" falsecount="4"/>
      <line num="753" count="0" type="stmt"/>
      <line num="754" count="0" type="cond" truecount="0" falsecount="2"/>
      <line num="755" count="0" type="stmt"/>
      <line num="756" count="0" type="stmt"/>
      <line num="757" count="0" type="stmt"/>
      <line num="758" count="0" type="cond" truecount="0" falsecount="4"/>
      <line num="762" count="0" type="stmt"/>
      <line num="765" count="0" type="stmt"/>
      <line num="775" count="0" type="stmt"/>
      <line num="777" count="0" type="cond" truecount="0" falsecount="2"/>
      <line num="778" count="0" type="stmt"/>
      <line num="788" count="0" type="stmt"/>
      <line num="789" count="0" type="stmt"/>
      <line num="792" count="0" type="stmt"/>
      <line num="801" count="0" type="stmt"/>
      <line num="815" count="4" type="stmt"/>
      <line num="825" count="0" type="stmt"/>
      <line num="826" count="0" type="cond" truecount="0" falsecount="4"/>
      <line num="827" count="0" type="stmt"/>
      <line num="830" count="0" type="cond" truecount="0" falsecount="2"/>
      <line num="831" count="0" type="stmt"/>
      <line num="835" count="0" type="stmt"/>
      <line num="836" count="0" type="stmt"/>
      <line num="838" count="0" type="stmt"/>
      <line num="840" count="0" type="cond" truecount="0" falsecount="6"/>
      <line num="841" count="0" type="stmt"/>
      <line num="842" count="0" type="stmt"/>
      <line num="843" count="0" type="stmt"/>
      <line num="845" count="0" type="stmt"/>
      <line num="846" count="0" type="stmt"/>
      <line num="847" count="0" type="stmt"/>
      <line num="848" count="0" type="stmt"/>
      <line num="849" count="0" type="stmt"/>
      <line num="850" count="0" type="stmt"/>
      <line num="852" count="0" type="stmt"/>
      <line num="855" count="0" type="cond" truecount="0" falsecount="6"/>
      <line num="856" count="0" type="stmt"/>
      <line num="857" count="0" type="stmt"/>
      <line num="858" count="0" type="stmt"/>
      <line num="859" count="0" type="stmt"/>
      <line num="861" count="0" type="stmt"/>
      <line num="864" count="0" type="cond" truecount="0" falsecount="6"/>
      <line num="865" count="0" type="stmt"/>
      <line num="866" count="0" type="stmt"/>
      <line num="867" count="0" type="stmt"/>
      <line num="870" count="0" type="stmt"/>
      <line num="871" count="0" type="cond" truecount="0" falsecount="4"/>
      <line num="872" count="0" type="stmt"/>
      <line num="874" count="0" type="cond" truecount="0" falsecount="2"/>
      <line num="875" count="0" type="stmt"/>
      <line num="876" count="0" type="stmt"/>
      <line num="877" count="0" type="stmt"/>
      <line num="879" count="0" type="stmt"/>
      <line num="882" count="0" type="cond" truecount="0" falsecount="2"/>
      <line num="883" count="0" type="stmt"/>
      <line num="884" count="0" type="stmt"/>
      <line num="885" count="0" type="stmt"/>
      <line num="887" count="0" type="stmt"/>
      <line num="890" count="0" type="cond" truecount="0" falsecount="2"/>
      <line num="891" count="0" type="stmt"/>
      <line num="892" count="0" type="stmt"/>
      <line num="893" count="0" type="stmt"/>
      <line num="895" count="0" type="stmt"/>
      <line num="899" count="0" type="cond" truecount="0" falsecount="2"/>
      <line num="900" count="0" type="stmt"/>
      <line num="901" count="0" type="stmt"/>
      <line num="902" count="0" type="stmt"/>
      <line num="903" count="0" type="stmt"/>
      <line num="904" count="0" type="stmt"/>
      <line num="907" count="0" type="stmt"/>
      <line num="908" count="0" type="stmt"/>
      <line num="910" count="0" type="stmt"/>
      <line num="911" count="0" type="stmt"/>
      <line num="912" count="0" type="stmt"/>
      <line num="917" count="0" type="stmt"/>
      <line num="918" count="0" type="stmt"/>
      <line num="919" count="0" type="cond" truecount="0" falsecount="4"/>
      <line num="921" count="0" type="stmt"/>
      <line num="928" count="0" type="stmt"/>
      <line num="942" count="4" type="stmt"/>
      <line num="952" count="0" type="stmt"/>
      <line num="953" count="0" type="cond" truecount="0" falsecount="4"/>
      <line num="954" count="0" type="cond" truecount="0" falsecount="4"/>
      <line num="955" count="0" type="stmt"/>
      <line num="956" count="0" type="stmt"/>
      <line num="957" count="0" type="stmt"/>
      <line num="964" count="0" type="stmt"/>
      <line num="967" count="0" type="stmt"/>
      <line num="969" count="0" type="stmt"/>
      <line num="970" count="0" type="cond" truecount="0" falsecount="2"/>
      <line num="972" count="0" type="stmt"/>
      <line num="974" count="0" type="cond" truecount="0" falsecount="2"/>
      <line num="975" count="0" type="stmt"/>
      <line num="976" count="0" type="cond" truecount="0" falsecount="4"/>
      <line num="977" count="0" type="stmt"/>
      <line num="978" count="0" type="stmt"/>
      <line num="979" count="0" type="cond" truecount="0" falsecount="2"/>
      <line num="980" count="0" type="stmt"/>
      <line num="981" count="0" type="stmt"/>
      <line num="982" count="0" type="stmt"/>
      <line num="983" count="0" type="cond" truecount="0" falsecount="4"/>
      <line num="984" count="0" type="cond" truecount="0" falsecount="4"/>
      <line num="986" count="0" type="stmt"/>
      <line num="1000" count="0" type="stmt"/>
      <line num="1003" count="0" type="stmt"/>
      <line num="1006" count="0" type="stmt"/>
      <line num="1008" count="0" type="cond" truecount="0" falsecount="2"/>
      <line num="1009" count="0" type="stmt"/>
      <line num="1017" count="0" type="stmt"/>
      <line num="1018" count="0" type="stmt"/>
      <line num="1019" count="0" type="cond" truecount="0" falsecount="2"/>
      <line num="1020" count="0" type="stmt"/>
      <line num="1022" count="0" type="stmt"/>
      <line num="1024" count="0" type="stmt"/>
      <line num="1025" count="0" type="stmt"/>
      <line num="1026" count="0" type="cond" truecount="0" falsecount="8"/>
      <line num="1027" count="0" type="stmt"/>
      <line num="1028" count="0" type="stmt"/>
      <line num="1029" count="0" type="stmt"/>
      <line num="1032" count="0" type="stmt"/>
      <line num="1039" count="0" type="stmt"/>
      <line num="1051" count="4" type="stmt"/>
      <line num="1060" count="0" type="stmt"/>
      <line num="1061" count="0" type="stmt"/>
      <line num="1062" count="0" type="stmt"/>
      <line num="1063" count="0" type="cond" truecount="0" falsecount="4"/>
      <line num="1066" count="0" type="cond" truecount="0" falsecount="6"/>
      <line num="1067" count="0" type="stmt"/>
      <line num="1076" count="0" type="stmt"/>
      <line num="1077" count="0" type="stmt"/>
      <line num="1078" count="0" type="stmt"/>
      <line num="1079" count="0" type="stmt"/>
      <line num="1080" count="0" type="stmt"/>
      <line num="1081" count="0" type="stmt"/>
      <line num="1086" count="0" type="stmt"/>
      <line num="1087" count="0" type="stmt"/>
      <line num="1089" count="0" type="stmt"/>
      <line num="1092" count="0" type="stmt"/>
      <line num="1093" count="0" type="stmt"/>
      <line num="1096" count="0" type="cond" truecount="0" falsecount="2"/>
      <line num="1098" count="0" type="cond" truecount="0" falsecount="2"/>
      <line num="1099" count="0" type="stmt"/>
      <line num="1100" count="0" type="cond" truecount="0" falsecount="4"/>
      <line num="1101" count="0" type="stmt"/>
      <line num="1102" count="0" type="stmt"/>
      <line num="1104" count="0" type="stmt"/>
      <line num="1105" count="0" type="stmt"/>
      <line num="1108" count="0" type="stmt"/>
      <line num="1109" count="0" type="cond" truecount="0" falsecount="4"/>
      <line num="1110" count="0" type="cond" truecount="0" falsecount="4"/>
      <line num="1113" count="0" type="cond" truecount="0" falsecount="10"/>
      <line num="1114" count="0" type="stmt"/>
      <line num="1115" count="0" type="stmt"/>
      <line num="1119" count="0" type="stmt"/>
      <line num="1122" count="0" type="stmt"/>
      <line num="1123" count="0" type="stmt"/>
      <line num="1126" count="0" type="stmt"/>
      <line num="1129" count="0" type="stmt"/>
      <line num="1130" count="0" type="cond" truecount="0" falsecount="2"/>
      <line num="1131" count="0" type="stmt"/>
      <line num="1132" count="0" type="stmt"/>
      <line num="1133" count="0" type="cond" truecount="0" falsecount="2"/>
      <line num="1134" count="0" type="stmt"/>
      <line num="1139" count="0" type="stmt"/>
      <line num="1140" count="0" type="stmt"/>
      <line num="1143" count="0" type="cond" truecount="0" falsecount="2"/>
      <line num="1144" count="0" type="stmt"/>
      <line num="1145" count="0" type="stmt"/>
      <line num="1149" count="0" type="stmt"/>
      <line num="1150" count="0" type="cond" truecount="0" falsecount="2"/>
      <line num="1151" count="0" type="cond" truecount="0" falsecount="2"/>
      <line num="1152" count="0" type="stmt"/>
      <line num="1153" count="0" type="stmt"/>
      <line num="1155" count="0" type="cond" truecount="0" falsecount="2"/>
      <line num="1156" count="0" type="stmt"/>
      <line num="1159" count="0" type="cond" truecount="0" falsecount="4"/>
      <line num="1162" count="0" type="cond" truecount="0" falsecount="2"/>
      <line num="1163" count="0" type="stmt"/>
      <line num="1165" count="0" type="stmt"/>
      <line num="1168" count="0" type="cond" truecount="0" falsecount="4"/>
      <line num="1174" count="0" type="stmt"/>
      <line num="1177" count="0" type="cond" truecount="0" falsecount="4"/>
      <line num="1178" count="0" type="cond" truecount="0" falsecount="2"/>
      <line num="1179" count="0" type="stmt"/>
      <line num="1181" count="0" type="stmt"/>
      <line num="1182" count="0" type="cond" truecount="0" falsecount="4"/>
      <line num="1183" count="0" type="stmt"/>
      <line num="1184" count="0" type="cond" truecount="0" falsecount="2"/>
      <line num="1185" count="0" type="stmt"/>
      <line num="1188" count="0" type="cond" truecount="0" falsecount="6"/>
      <line num="1189" count="0" type="cond" truecount="0" falsecount="4"/>
      <line num="1190" count="0" type="stmt"/>
      <line num="1191" count="0" type="stmt"/>
      <line num="1193" count="0" type="cond" truecount="0" falsecount="4"/>
      <line num="1194" count="0" type="cond" truecount="0" falsecount="4"/>
      <line num="1195" count="0" type="stmt"/>
      <line num="1196" count="0" type="stmt"/>
      <line num="1198" count="0" type="stmt"/>
      <line num="1201" count="0" type="cond" truecount="0" falsecount="2"/>
      <line num="1202" count="0" type="stmt"/>
      <line num="1203" count="0" type="stmt"/>
      <line num="1204" count="0" type="stmt"/>
      <line num="1206" count="0" type="cond" truecount="0" falsecount="2"/>
      <line num="1207" count="0" type="stmt"/>
      <line num="1211" count="0" type="cond" truecount="0" falsecount="6"/>
      <line num="1212" count="0" type="stmt"/>
      <line num="1216" count="0" type="cond" truecount="0" falsecount="6"/>
      <line num="1217" count="0" type="stmt"/>
      <line num="1220" count="0" type="stmt"/>
      <line num="1227" count="0" type="stmt"/>
      <line num="1239" count="4" type="stmt"/>
      <line num="1246" count="0" type="stmt"/>
      <line num="1247" count="0" type="stmt"/>
      <line num="1250" count="0" type="cond" truecount="0" falsecount="2"/>
      <line num="1251" count="0" type="stmt"/>
      <line num="1261" count="0" type="stmt"/>
      <line num="1262" count="0" type="stmt"/>
      <line num="1265" count="0" type="stmt"/>
      <line num="1267" count="0" type="stmt"/>
      <line num="1269" count="0" type="cond" truecount="0" falsecount="2"/>
      <line num="1270" count="0" type="stmt"/>
      <line num="1271" count="0" type="stmt"/>
      <line num="1272" count="0" type="stmt"/>
      <line num="1273" count="0" type="stmt"/>
      <line num="1274" count="0" type="stmt"/>
      <line num="1276" count="0" type="stmt"/>
      <line num="1277" count="0" type="stmt"/>
      <line num="1280" count="0" type="stmt"/>
      <line num="1282" count="0" type="stmt"/>
      <line num="1289" count="0" type="cond" truecount="0" falsecount="4"/>
      <line num="1290" count="0" type="cond" truecount="0" falsecount="2"/>
      <line num="1291" count="0" type="stmt"/>
      <line num="1299" count="0" type="stmt"/>
      <line num="1311" count="4" type="stmt"/>
      <line num="1321" count="0" type="stmt"/>
      <line num="1322" count="0" type="cond" truecount="0" falsecount="4"/>
      <line num="1324" count="0" type="stmt"/>
      <line num="1325" count="0" type="stmt"/>
      <line num="1326" count="0" type="stmt"/>
      <line num="1328" count="0" type="stmt"/>
      <line num="1336" count="0" type="stmt"/>
      <line num="1339" count="0" type="cond" truecount="0" falsecount="2"/>
      <line num="1340" count="0" type="stmt"/>
      <line num="1341" count="0" type="cond" truecount="0" falsecount="4"/>
      <line num="1342" count="0" type="stmt"/>
      <line num="1345" count="0" type="cond" truecount="0" falsecount="2"/>
      <line num="1346" count="0" type="stmt"/>
      <line num="1349" count="0" type="cond" truecount="0" falsecount="2"/>
      <line num="1350" count="0" type="stmt"/>
      <line num="1351" count="0" type="cond" truecount="0" falsecount="6"/>
      <line num="1352" count="0" type="stmt"/>
      <line num="1353" count="0" type="cond" truecount="0" falsecount="2"/>
      <line num="1355" count="0" type="stmt"/>
      <line num="1364" count="0" type="stmt"/>
      <line num="1365" count="0" type="stmt"/>
      <line num="1367" count="0" type="stmt"/>
      <line num="1369" count="0" type="cond" truecount="0" falsecount="6"/>
      <line num="1370" count="0" type="stmt"/>
      <line num="1371" count="0" type="stmt"/>
      <line num="1372" count="0" type="stmt"/>
      <line num="1373" count="0" type="cond" truecount="0" falsecount="4"/>
      <line num="1374" count="0" type="stmt"/>
      <line num="1376" count="0" type="stmt"/>
      <line num="1379" count="0" type="cond" truecount="0" falsecount="6"/>
      <line num="1380" count="0" type="stmt"/>
      <line num="1381" count="0" type="stmt"/>
      <line num="1382" count="0" type="stmt"/>
      <line num="1383" count="0" type="cond" truecount="0" falsecount="4"/>
      <line num="1384" count="0" type="stmt"/>
      <line num="1388" count="0" type="stmt"/>
      <line num="1390" count="0" type="stmt"/>
      <line num="1397" count="0" type="stmt"/>
      <line num="1409" count="4" type="stmt"/>
      <line num="1419" count="0" type="stmt"/>
      <line num="1420" count="0" type="cond" truecount="0" falsecount="6"/>
      <line num="1421" count="0" type="stmt"/>
      <line num="1430" count="0" type="stmt"/>
      <line num="1431" count="0" type="stmt"/>
      <line num="1432" count="0" type="stmt"/>
      <line num="1434" count="0" type="stmt"/>
      <line num="1443" count="0" type="stmt"/>
      <line num="1446" count="0" type="cond" truecount="0" falsecount="2"/>
      <line num="1447" count="0" type="stmt"/>
      <line num="1448" count="0" type="cond" truecount="0" falsecount="2"/>
      <line num="1449" count="0" type="stmt"/>
      <line num="1457" count="0" type="cond" truecount="0" falsecount="4"/>
      <line num="1458" count="0" type="stmt"/>
      <line num="1459" count="0" type="stmt"/>
      <line num="1460" count="0" type="cond" truecount="0" falsecount="2"/>
      <line num="1461" count="0" type="stmt"/>
      <line num="1469" count="0" type="cond" truecount="0" falsecount="2"/>
      <line num="1470" count="0" type="stmt"/>
      <line num="1471" count="0" type="stmt"/>
      <line num="1479" count="0" type="stmt"/>
      <line num="1482" count="0" type="cond" truecount="0" falsecount="2"/>
      <line num="1483" count="0" type="stmt"/>
      <line num="1492" count="0" type="cond" truecount="0" falsecount="2"/>
      <line num="1493" count="0" type="stmt"/>
      <line num="1502" count="0" type="stmt"/>
      <line num="1503" count="0" type="stmt"/>
      <line num="1506" count="0" type="stmt"/>
      <line num="1508" count="0" type="stmt"/>
      <line num="1510" count="0" type="stmt"/>
      <line num="1517" count="0" type="stmt"/>
      <line num="1529" count="4" type="stmt"/>
      <line num="1540" count="0" type="stmt"/>
      <line num="1541" count="0" type="stmt"/>
      <line num="1544" count="0" type="cond" truecount="0" falsecount="2"/>
      <line num="1545" count="0" type="stmt"/>
      <line num="1556" count="0" type="stmt"/>
      <line num="1557" count="0" type="stmt"/>
      <line num="1559" count="0" type="stmt"/>
      <line num="1568" count="0" type="stmt"/>
      <line num="1569" count="0" type="cond" truecount="0" falsecount="4"/>
      <line num="1570" count="0" type="cond" truecount="0" falsecount="4"/>
      <line num="1572" count="0" type="stmt"/>
      <line num="1575" count="0" type="cond" truecount="0" falsecount="2"/>
      <line num="1576" count="0" type="stmt"/>
      <line num="1577" count="0" type="stmt"/>
      <line num="1581" count="0" type="cond" truecount="0" falsecount="2"/>
      <line num="1582" count="0" type="stmt"/>
      <line num="1583" count="0" type="stmt"/>
      <line num="1587" count="0" type="cond" truecount="0" falsecount="6"/>
      <line num="1588" count="0" type="cond" truecount="0" falsecount="4"/>
      <line num="1589" count="0" type="stmt"/>
      <line num="1590" count="0" type="stmt"/>
      <line num="1591" count="0" type="stmt"/>
      <line num="1595" count="0" type="cond" truecount="0" falsecount="2"/>
      <line num="1596" count="0" type="stmt"/>
      <line num="1597" count="0" type="stmt"/>
      <line num="1598" count="0" type="stmt"/>
      <line num="1603" count="0" type="stmt"/>
      <line num="1604" count="0" type="stmt"/>
      <line num="1606" count="0" type="stmt"/>
      <line num="1609" count="0" type="stmt"/>
      <line num="1611" count="0" type="stmt"/>
      <line num="1618" count="0" type="stmt"/>
      <line num="1630" count="4" type="stmt"/>
      <line num="1638" count="0" type="stmt"/>
      <line num="1639" count="0" type="stmt"/>
      <line num="1642" count="0" type="cond" truecount="0" falsecount="2"/>
      <line num="1643" count="0" type="stmt"/>
      <line num="1653" count="0" type="stmt"/>
      <line num="1654" count="0" type="stmt"/>
      <line num="1656" count="0" type="stmt"/>
      <line num="1665" count="0" type="cond" truecount="0" falsecount="2"/>
      <line num="1667" count="0" type="stmt"/>
      <line num="1668" count="0" type="stmt"/>
      <line num="1669" count="0" type="stmt"/>
      <line num="1677" count="0" type="stmt"/>
      <line num="1678" count="0" type="stmt"/>
      <line num="1679" count="0" type="stmt"/>
      <line num="1682" count="0" type="stmt"/>
      <line num="1685" count="0" type="stmt"/>
      <line num="1686" count="0" type="stmt"/>
      <line num="1688" count="0" type="stmt"/>
      <line num="1689" count="0" type="stmt"/>
      <line num="1690" count="0" type="stmt"/>
      <line num="1691" count="0" type="stmt"/>
      <line num="1692" count="0" type="stmt"/>
      <line num="1693" count="0" type="stmt"/>
      <line num="1694" count="0" type="stmt"/>
      <line num="1695" count="0" type="stmt"/>
      <line num="1703" count="0" type="stmt"/>
      <line num="1704" count="0" type="stmt"/>
      <line num="1705" count="0" type="stmt"/>
      <line num="1714" count="0" type="stmt"/>
      <line num="1726" count="4" type="stmt"/>
      <line num="1735" count="0" type="stmt"/>
      <line num="1736" count="0" type="stmt"/>
      <line num="1737" count="0" type="cond" truecount="0" falsecount="4"/>
      <line num="1740" count="0" type="cond" truecount="0" falsecount="2"/>
      <line num="1741" count="0" type="stmt"/>
      <line num="1750" count="0" type="stmt"/>
      <line num="1751" count="0" type="stmt"/>
      <line num="1752" count="0" type="stmt"/>
      <line num="1755" count="0" type="stmt"/>
      <line num="1757" count="0" type="stmt"/>
      <line num="1758" count="0" type="stmt"/>
      <line num="1760" count="0" type="stmt"/>
      <line num="1761" count="0" type="stmt"/>
      <line num="1764" count="0" type="stmt"/>
      <line num="1769" count="0" type="cond" truecount="0" falsecount="2"/>
      <line num="1771" count="0" type="stmt"/>
      <line num="1777" count="0" type="stmt"/>
      <line num="1779" count="0" type="cond" truecount="0" falsecount="2"/>
      <line num="1780" count="0" type="stmt"/>
      <line num="1782" count="0" type="stmt"/>
      <line num="1786" count="0" type="cond" truecount="0" falsecount="2"/>
      <line num="1788" count="0" type="stmt"/>
      <line num="1789" count="0" type="stmt"/>
      <line num="1790" count="0" type="cond" truecount="0" falsecount="6"/>
      <line num="1792" count="0" type="stmt"/>
      <line num="1793" count="0" type="stmt"/>
      <line num="1794" count="0" type="stmt"/>
      <line num="1796" count="0" type="cond" truecount="0" falsecount="6"/>
      <line num="1798" count="0" type="stmt"/>
      <line num="1799" count="0" type="stmt"/>
      <line num="1800" count="0" type="stmt"/>
      <line num="1801" count="0" type="stmt"/>
      <line num="1804" count="0" type="stmt"/>
      <line num="1808" count="0" type="stmt"/>
      <line num="1811" count="0" type="stmt"/>
      <line num="1815" count="0" type="stmt"/>
      <line num="1818" count="0" type="stmt"/>
      <line num="1820" count="0" type="stmt"/>
      <line num="1829" count="0" type="stmt"/>
      <line num="1841" count="4" type="stmt"/>
      <line num="1850" count="0" type="stmt"/>
      <line num="1851" count="0" type="cond" truecount="0" falsecount="4"/>
      <line num="1852" count="0" type="cond" truecount="0" falsecount="4"/>
      <line num="1853" count="0" type="stmt"/>
      <line num="1854" count="0" type="stmt"/>
      <line num="1857" count="0" type="cond" truecount="0" falsecount="2"/>
      <line num="1859" count="0" type="stmt"/>
      <line num="1861" count="0" type="stmt"/>
      <line num="1862" count="0" type="cond" truecount="0" falsecount="2"/>
      <line num="1863" count="0" type="cond" truecount="0" falsecount="2"/>
      <line num="1865" count="0" type="stmt"/>
      <line num="1867" count="0" type="cond" truecount="0" falsecount="2"/>
      <line num="1868" count="0" type="stmt"/>
      <line num="1869" count="0" type="cond" truecount="0" falsecount="4"/>
      <line num="1870" count="0" type="stmt"/>
      <line num="1871" count="0" type="stmt"/>
      <line num="1872" count="0" type="stmt"/>
      <line num="1874" count="0" type="cond" truecount="0" falsecount="6"/>
      <line num="1875" count="0" type="stmt"/>
      <line num="1876" count="0" type="stmt"/>
      <line num="1878" count="0" type="cond" truecount="0" falsecount="2"/>
      <line num="1882" count="0" type="cond" truecount="0" falsecount="2"/>
      <line num="1883" count="0" type="stmt"/>
      <line num="1884" count="0" type="cond" truecount="0" falsecount="4"/>
      <line num="1886" count="0" type="stmt"/>
      <line num="1901" count="0" type="stmt"/>
      <line num="1903" count="0" type="cond" truecount="0" falsecount="2"/>
      <line num="1904" count="0" type="stmt"/>
      <line num="1913" count="0" type="stmt"/>
      <line num="1915" count="0" type="cond" truecount="0" falsecount="4"/>
      <line num="1916" count="0" type="stmt"/>
      <line num="1918" count="0" type="stmt"/>
      <line num="1919" count="0" type="stmt"/>
      <line num="1920" count="0" type="stmt"/>
      <line num="1921" count="0" type="stmt"/>
      <line num="1922" count="0" type="cond" truecount="0" falsecount="2"/>
      <line num="1923" count="0" type="stmt"/>
      <line num="1925" count="0" type="stmt"/>
      <line num="1928" count="0" type="stmt"/>
      <line num="1935" count="0" type="stmt"/>
      <line num="1947" count="4" type="stmt"/>
      <line num="1954" count="0" type="stmt"/>
      <line num="1956" count="0" type="stmt"/>
      <line num="1958" count="0" type="stmt"/>
      <line num="1960" count="0" type="cond" truecount="0" falsecount="2"/>
      <line num="1961" count="0" type="stmt"/>
      <line num="1970" count="0" type="stmt"/>
      <line num="1972" count="0" type="stmt"/>
      <line num="1973" count="0" type="stmt"/>
      <line num="1975" count="0" type="stmt"/>
      <line num="1976" count="0" type="stmt"/>
      <line num="1977" count="0" type="stmt"/>
      <line num="1978" count="0" type="cond" truecount="0" falsecount="4"/>
      <line num="1981" count="0" type="stmt"/>
      <line num="1988" count="0" type="stmt"/>
      <line num="2000" count="4" type="stmt"/>
      <line num="2007" count="0" type="stmt"/>
      <line num="2008" count="0" type="stmt"/>
      <line num="2010" count="0" type="cond" truecount="0" falsecount="2"/>
      <line num="2011" count="0" type="stmt"/>
      <line num="2019" count="0" type="stmt"/>
      <line num="2020" count="0" type="stmt"/>
      <line num="2021" count="0" type="stmt"/>
      <line num="2024" count="0" type="stmt"/>
      <line num="2026" count="0" type="stmt"/>
      <line num="2027" count="0" type="stmt"/>
      <line num="2028" count="0" type="stmt"/>
      <line num="2029" count="0" type="stmt"/>
      <line num="2030" count="0" type="stmt"/>
      <line num="2031" count="0" type="stmt"/>
      <line num="2032" count="0" type="stmt"/>
      <line num="2034" count="0" type="stmt"/>
      <line num="2037" count="0" type="cond" truecount="0" falsecount="2"/>
      <line num="2038" count="0" type="stmt"/>
      <line num="2039" count="0" type="stmt"/>
      <line num="2040" count="0" type="stmt"/>
      <line num="2041" count="0" type="stmt"/>
      <line num="2043" count="0" type="stmt"/>
      <line num="2046" count="0" type="stmt"/>
      <line num="2050" count="0" type="stmt"/>
      <line num="2055" count="0" type="stmt"/>
      <line num="2056" count="0" type="stmt"/>
      <line num="2063" count="0" type="cond" truecount="0" falsecount="2"/>
      <line num="2064" count="0" type="stmt"/>
      <line num="2065" count="0" type="stmt"/>
      <line num="2067" count="0" type="stmt"/>
      <line num="2070" count="0" type="stmt"/>
      <line num="2077" count="0" type="stmt"/>
      <line num="2089" count="4" type="stmt"/>
      <line num="2098" count="0" type="stmt"/>
      <line num="2099" count="0" type="stmt"/>
      <line num="2100" count="0" type="stmt"/>
      <line num="2101" count="0" type="stmt"/>
      <line num="2102" count="0" type="stmt"/>
      <line num="2103" count="0" type="stmt"/>
      <line num="2104" count="0" type="stmt"/>
      <line num="2105" count="0" type="stmt"/>
      <line num="2108" count="0" type="cond" truecount="0" falsecount="2"/>
      <line num="2109" count="0" type="stmt"/>
      <line num="2119" count="0" type="stmt"/>
      <line num="2120" count="0" type="stmt"/>
      <line num="2122" count="0" type="stmt"/>
      <line num="2132" count="0" type="stmt"/>
      <line num="2133" count="0" type="stmt"/>
      <line num="2134" count="0" type="stmt"/>
      <line num="2146" count="0" type="stmt"/>
      <line num="2149" count="0" type="stmt"/>
      <line num="2150" count="0" type="stmt"/>
      <line num="2151" count="0" type="stmt"/>
      <line num="2152" count="0" type="cond" truecount="0" falsecount="2"/>
      <line num="2153" count="0" type="stmt"/>
      <line num="2154" count="0" type="stmt"/>
      <line num="2155" count="0" type="stmt"/>
      <line num="2156" count="0" type="stmt"/>
      <line num="2163" count="0" type="stmt"/>
      <line num="2164" count="0" type="cond" truecount="0" falsecount="2"/>
      <line num="2165" count="0" type="stmt"/>
      <line num="2167" count="0" type="stmt"/>
      <line num="2168" count="0" type="stmt"/>
      <line num="2169" count="0" type="cond" truecount="0" falsecount="4"/>
      <line num="2171" count="0" type="stmt"/>
      <line num="2172" count="0" type="cond" truecount="0" falsecount="2"/>
      <line num="2177" count="0" type="stmt"/>
      <line num="2179" count="0" type="stmt"/>
      <line num="2180" count="0" type="cond" truecount="0" falsecount="2"/>
      <line num="2181" count="0" type="stmt"/>
      <line num="2184" count="0" type="stmt"/>
      <line num="2191" count="0" type="stmt"/>
      <line num="2203" count="4" type="stmt"/>
      <line num="2212" count="0" type="stmt"/>
      <line num="2213" count="0" type="stmt"/>
      <line num="2214" count="0" type="stmt"/>
      <line num="2215" count="0" type="stmt"/>
      <line num="2216" count="0" type="stmt"/>
      <line num="2217" count="0" type="stmt"/>
      <line num="2220" count="0" type="cond" truecount="0" falsecount="2"/>
      <line num="2221" count="0" type="stmt"/>
      <line num="2231" count="0" type="cond" truecount="0" falsecount="2"/>
      <line num="2232" count="0" type="stmt"/>
      <line num="2242" count="0" type="stmt"/>
      <line num="2243" count="0" type="stmt"/>
      <line num="2245" count="0" type="stmt"/>
      <line num="2255" count="0" type="stmt"/>
      <line num="2256" count="0" type="stmt"/>
      <line num="2257" count="0" type="stmt"/>
      <line num="2269" count="0" type="stmt"/>
      <line num="2272" count="0" type="stmt"/>
      <line num="2275" count="0" type="stmt"/>
      <line num="2276" count="0" type="cond" truecount="0" falsecount="2"/>
      <line num="2278" count="0" type="stmt"/>
      <line num="2283" count="0" type="stmt"/>
      <line num="2284" count="0" type="stmt"/>
      <line num="2286" count="0" type="stmt"/>
      <line num="2287" count="0" type="stmt"/>
      <line num="2288" count="0" type="stmt"/>
      <line num="2289" count="0" type="stmt"/>
      <line num="2291" count="0" type="cond" truecount="0" falsecount="4"/>
      <line num="2292" count="0" type="stmt"/>
      <line num="2294" count="0" type="cond" truecount="0" falsecount="6"/>
      <line num="2295" count="0" type="stmt"/>
      <line num="2298" count="0" type="stmt"/>
      <line num="2299" count="0" type="stmt"/>
      <line num="2308" count="0" type="stmt"/>
      <line num="2310" count="0" type="stmt"/>
      <line num="2311" count="0" type="cond" truecount="0" falsecount="2"/>
      <line num="2312" count="0" type="stmt"/>
      <line num="2315" count="0" type="stmt"/>
      <line num="2322" count="0" type="stmt"/>
      <line num="2335" count="4" type="stmt"/>
      <line num="2336" count="4" type="stmt"/>
      <line num="2337" count="4" type="stmt"/>
      <line num="2340" count="4" type="stmt"/>
      <line num="2341" count="0" type="stmt"/>
      <line num="2342" count="0" type="stmt"/>
    </file>
  </project>
</coverage>
