{"/Users/kevin/github/personal/slinky-do/src/index.ts": {"path":"/Users/kevin/github/personal/slinky-do/src/index.ts","statementMap":{"0":{"start":{"line":11,"column":19},"end":{"line":12,"column":74}},"1":{"start":{"line":15,"column":15},"end":{"line":26,"column":null}},"2":{"start":{"line":28,"column":18},"end":{"line":28,"column":56}},"3":{"start":{"line":29,"column":22},"end":{"line":29,"column":40}},"4":{"start":{"line":61,"column":23},"end":{"line":61,"column":51}},"5":{"start":{"line":69,"column":36},"end":{"line":72,"column":null}},"6":{"start":{"line":75,"column":2},"end":{"line":76,"column":null}},"7":{"start":{"line":80,"column":2},"end":{"line":80,"column":null}},"8":{"start":{"line":81,"column":2},"end":{"line":81,"column":null}},"9":{"start":{"line":86,"column":19},"end":{"line":86,"column":43}},"10":{"start":{"line":87,"column":15},"end":{"line":87,"column":38}},"11":{"start":{"line":88,"column":2},"end":{"line":88,"column":null}},"12":{"start":{"line":93,"column":37},"end":{"line":97,"column":null}},"13":{"start":{"line":100,"column":2},"end":{"line":109,"column":null}},"14":{"start":{"line":101,"column":4},"end":{"line":101,"column":null}},"15":{"start":{"line":102,"column":4},"end":{"line":102,"column":null}},"16":{"start":{"line":103,"column":9},"end":{"line":109,"column":null}},"17":{"start":{"line":104,"column":4},"end":{"line":104,"column":null}},"18":{"start":{"line":105,"column":4},"end":{"line":105,"column":null}},"19":{"start":{"line":106,"column":9},"end":{"line":109,"column":null}},"20":{"start":{"line":107,"column":4},"end":{"line":107,"column":null}},"21":{"start":{"line":108,"column":4},"end":{"line":108,"column":null}},"22":{"start":{"line":112,"column":2},"end":{"line":120,"column":null}},"23":{"start":{"line":113,"column":4},"end":{"line":113,"column":null}},"24":{"start":{"line":114,"column":4},"end":{"line":114,"column":null}},"25":{"start":{"line":115,"column":9},"end":{"line":120,"column":null}},"26":{"start":{"line":116,"column":4},"end":{"line":116,"column":null}},"27":{"start":{"line":117,"column":9},"end":{"line":120,"column":null}},"28":{"start":{"line":118,"column":4},"end":{"line":118,"column":null}},"29":{"start":{"line":119,"column":4},"end":{"line":119,"column":null}},"30":{"start":{"line":123,"column":2},"end":{"line":147,"column":null}},"31":{"start":{"line":124,"column":4},"end":{"line":124,"column":null}},"32":{"start":{"line":125,"column":4},"end":{"line":125,"column":null}},"33":{"start":{"line":126,"column":9},"end":{"line":147,"column":null}},"34":{"start":{"line":127,"column":4},"end":{"line":127,"column":null}},"35":{"start":{"line":128,"column":4},"end":{"line":128,"column":null}},"36":{"start":{"line":129,"column":9},"end":{"line":147,"column":null}},"37":{"start":{"line":130,"column":4},"end":{"line":130,"column":null}},"38":{"start":{"line":131,"column":4},"end":{"line":131,"column":null}},"39":{"start":{"line":132,"column":9},"end":{"line":147,"column":null}},"40":{"start":{"line":133,"column":4},"end":{"line":133,"column":null}},"41":{"start":{"line":134,"column":4},"end":{"line":134,"column":null}},"42":{"start":{"line":135,"column":9},"end":{"line":147,"column":null}},"43":{"start":{"line":136,"column":4},"end":{"line":136,"column":null}},"44":{"start":{"line":137,"column":4},"end":{"line":137,"column":null}},"45":{"start":{"line":138,"column":9},"end":{"line":147,"column":null}},"46":{"start":{"line":139,"column":4},"end":{"line":139,"column":null}},"47":{"start":{"line":140,"column":4},"end":{"line":140,"column":null}},"48":{"start":{"line":141,"column":9},"end":{"line":147,"column":null}},"49":{"start":{"line":142,"column":4},"end":{"line":142,"column":null}},"50":{"start":{"line":143,"column":4},"end":{"line":143,"column":null}},"51":{"start":{"line":144,"column":9},"end":{"line":147,"column":null}},"52":{"start":{"line":145,"column":4},"end":{"line":145,"column":null}},"53":{"start":{"line":146,"column":4},"end":{"line":146,"column":null}},"54":{"start":{"line":150,"column":20},"end":{"line":150,"column":45}},"55":{"start":{"line":151,"column":2},"end":{"line":158,"column":null}},"56":{"start":{"line":152,"column":20},"end":{"line":152,"column":32}},"57":{"start":{"line":154,"column":18},"end":{"line":154,"column":41}},"58":{"start":{"line":155,"column":16},"end":{"line":155,"column":39}},"59":{"start":{"line":156,"column":17},"end":{"line":156,"column":40}},"60":{"start":{"line":157,"column":4},"end":{"line":157,"column":null}},"61":{"start":{"line":160,"column":2},"end":{"line":160,"column":null}},"62":{"start":{"line":164,"column":15},"end":{"line":164,"column":36}},"63":{"start":{"line":165,"column":23},"end":{"line":165,"column":44}},"64":{"start":{"line":168,"column":2},"end":{"line":168,"column":null}},"65":{"start":{"line":168,"column":43},"end":{"line":168,"column":null}},"66":{"start":{"line":169,"column":2},"end":{"line":169,"column":null}},"67":{"start":{"line":169,"column":40},"end":{"line":169,"column":null}},"68":{"start":{"line":170,"column":2},"end":{"line":170,"column":null}},"69":{"start":{"line":170,"column":75},"end":{"line":170,"column":null}},"70":{"start":{"line":171,"column":2},"end":{"line":171,"column":null}},"71":{"start":{"line":171,"column":74},"end":{"line":171,"column":null}},"72":{"start":{"line":172,"column":2},"end":{"line":172,"column":null}},"73":{"start":{"line":172,"column":39},"end":{"line":172,"column":null}},"74":{"start":{"line":173,"column":2},"end":{"line":173,"column":null}},"75":{"start":{"line":173,"column":37},"end":{"line":173,"column":null}},"76":{"start":{"line":174,"column":2},"end":{"line":174,"column":null}},"77":{"start":{"line":174,"column":39},"end":{"line":174,"column":null}},"78":{"start":{"line":175,"column":2},"end":{"line":175,"column":null}},"79":{"start":{"line":175,"column":74},"end":{"line":175,"column":null}},"80":{"start":{"line":176,"column":2},"end":{"line":176,"column":null}},"81":{"start":{"line":176,"column":45},"end":{"line":176,"column":null}},"82":{"start":{"line":177,"column":2},"end":{"line":179,"column":null}},"83":{"start":{"line":178,"column":4},"end":{"line":178,"column":null}},"84":{"start":{"line":180,"column":2},"end":{"line":180,"column":null}},"85":{"start":{"line":180,"column":81},"end":{"line":180,"column":null}},"86":{"start":{"line":181,"column":2},"end":{"line":181,"column":null}},"87":{"start":{"line":181,"column":80},"end":{"line":181,"column":null}},"88":{"start":{"line":182,"column":2},"end":{"line":184,"column":null}},"89":{"start":{"line":183,"column":4},"end":{"line":183,"column":null}},"90":{"start":{"line":186,"column":2},"end":{"line":186,"column":null}},"91":{"start":{"line":190,"column":2},"end":{"line":192,"column":null}},"92":{"start":{"line":191,"column":4},"end":{"line":191,"column":null}},"93":{"start":{"line":194,"column":16},"end":{"line":194,"column":57}},"94":{"start":{"line":195,"column":2},"end":{"line":197,"column":null}},"95":{"start":{"line":196,"column":4},"end":{"line":196,"column":null}},"96":{"start":{"line":199,"column":2},"end":{"line":205,"column":null}},"97":{"start":{"line":200,"column":24},"end":{"line":200,"column":49}},"98":{"start":{"line":201,"column":17},"end":{"line":201,"column":25}},"99":{"start":{"line":202,"column":4},"end":{"line":202,"column":null}},"100":{"start":{"line":204,"column":4},"end":{"line":204,"column":null}},"101":{"start":{"line":209,"column":17},"end":{"line":209,"column":32}},"102":{"start":{"line":212,"column":2},"end":{"line":212,"column":null}},"103":{"start":{"line":212,"column":21},"end":{"line":212,"column":null}},"104":{"start":{"line":213,"column":2},"end":{"line":213,"column":null}},"105":{"start":{"line":213,"column":37},"end":{"line":213,"column":null}},"106":{"start":{"line":214,"column":2},"end":{"line":214,"column":null}},"107":{"start":{"line":214,"column":45},"end":{"line":214,"column":null}},"108":{"start":{"line":215,"column":2},"end":{"line":215,"column":null}},"109":{"start":{"line":215,"column":43},"end":{"line":215,"column":null}},"110":{"start":{"line":216,"column":2},"end":{"line":216,"column":null}},"111":{"start":{"line":216,"column":37},"end":{"line":216,"column":null}},"112":{"start":{"line":217,"column":2},"end":{"line":217,"column":null}},"113":{"start":{"line":217,"column":22},"end":{"line":217,"column":null}},"114":{"start":{"line":220,"column":23},"end":{"line":220,"column":49}},"115":{"start":{"line":221,"column":23},"end":{"line":221,"column":45}},"116":{"start":{"line":222,"column":2},"end":{"line":222,"column":null}},"117":{"start":{"line":224,"column":2},"end":{"line":224,"column":null}},"118":{"start":{"line":229,"column":2},"end":{"line":242,"column":null}},"119":{"start":{"line":231,"column":22},"end":{"line":231,"column":47}},"120":{"start":{"line":232,"column":4},"end":{"line":241,"column":null}},"121":{"start":{"line":233,"column":22},"end":{"line":233,"column":34}},"122":{"start":{"line":234,"column":20},"end":{"line":234,"column":43}},"123":{"start":{"line":235,"column":18},"end":{"line":235,"column":41}},"124":{"start":{"line":236,"column":19},"end":{"line":236,"column":42}},"125":{"start":{"line":237,"column":28},"end":{"line":237,"column":53}},"126":{"start":{"line":238,"column":6},"end":{"line":240,"column":null}},"127":{"start":{"line":239,"column":8},"end":{"line":239,"column":null}},"128":{"start":{"line":243,"column":2},"end":{"line":243,"column":null}},"129":{"start":{"line":248,"column":28},"end":{"line":253,"column":null}},"130":{"start":{"line":256,"column":20},"end":{"line":256,"column":66}},"131":{"start":{"line":258,"column":4},"end":{"line":297,"column":null}},"132":{"start":{"line":259,"column":6},"end":{"line":259,"column":null}},"133":{"start":{"line":259,"column":38},"end":{"line":259,"column":null}},"134":{"start":{"line":261,"column":23},"end":{"line":261,"column":49}},"135":{"start":{"line":262,"column":27},"end":{"line":262,"column":61}},"136":{"start":{"line":264,"column":6},"end":{"line":296,"column":null}},"137":{"start":{"line":266,"column":8},"end":{"line":268,"column":null}},"138":{"start":{"line":267,"column":10},"end":{"line":267,"column":null}},"139":{"start":{"line":269,"column":8},"end":{"line":269,"column":null}},"140":{"start":{"line":270,"column":13},"end":{"line":296,"column":null}},"141":{"start":{"line":271,"column":8},"end":{"line":271,"column":null}},"142":{"start":{"line":274,"column":26},"end":{"line":274,"column":57}},"143":{"start":{"line":275,"column":8},"end":{"line":275,"column":null}},"144":{"start":{"line":278,"column":8},"end":{"line":295,"column":null}},"145":{"start":{"line":279,"column":26},"end":{"line":279,"column":62}},"146":{"start":{"line":280,"column":25},"end":{"line":280,"column":50}},"147":{"start":{"line":281,"column":10},"end":{"line":292,"column":null}},"148":{"start":{"line":283,"column":12},"end":{"line":283,"column":null}},"149":{"start":{"line":283,"column":59},"end":{"line":283,"column":84}},"150":{"start":{"line":286,"column":25},"end":{"line":286,"column":48}},"151":{"start":{"line":287,"column":12},"end":{"line":291,"column":null}},"152":{"start":{"line":288,"column":14},"end":{"line":290,"column":null}},"153":{"start":{"line":289,"column":16},"end":{"line":289,"column":null}},"154":{"start":{"line":300,"column":2},"end":{"line":300,"column":null}},"155":{"start":{"line":301,"column":2},"end":{"line":301,"column":null}},"156":{"start":{"line":306,"column":14},"end":{"line":306,"column":24}},"157":{"start":{"line":307,"column":17},"end":{"line":307,"column":47}},"158":{"start":{"line":308,"column":19},"end":{"line":308,"column":45}},"159":{"start":{"line":309,"column":20},"end":{"line":309,"column":48}},"160":{"start":{"line":310,"column":19},"end":{"line":310,"column":48}},"161":{"start":{"line":312,"column":2},"end":{"line":312,"column":null}},"162":{"start":{"line":312,"column":20},"end":{"line":312,"column":null}},"163":{"start":{"line":313,"column":2},"end":{"line":313,"column":null}},"164":{"start":{"line":313,"column":21},"end":{"line":313,"column":null}},"165":{"start":{"line":314,"column":2},"end":{"line":314,"column":null}},"166":{"start":{"line":314,"column":22},"end":{"line":314,"column":null}},"167":{"start":{"line":315,"column":2},"end":{"line":315,"column":null}},"168":{"start":{"line":315,"column":22},"end":{"line":315,"column":null}},"169":{"start":{"line":316,"column":2},"end":{"line":316,"column":null}},"170":{"start":{"line":316,"column":20},"end":{"line":316,"column":null}},"171":{"start":{"line":317,"column":2},"end":{"line":317,"column":null}},"172":{"start":{"line":317,"column":21},"end":{"line":317,"column":null}},"173":{"start":{"line":318,"column":2},"end":{"line":318,"column":null}},"174":{"start":{"line":323,"column":2},"end":{"line":323,"column":null}},"175":{"start":{"line":328,"column":24},"end":{"line":328,"column":57}},"176":{"start":{"line":329,"column":26},"end":{"line":329,"column":28}},"177":{"start":{"line":331,"column":2},"end":{"line":333,"column":null}},"178":{"start":{"line":332,"column":4},"end":{"line":332,"column":null}},"179":{"start":{"line":334,"column":2},"end":{"line":334,"column":null}},"180":{"start":{"line":342,"column":79},"end":{"line":342,"column":81}},"181":{"start":{"line":343,"column":22},"end":{"line":343,"column":50}},"182":{"start":{"line":346,"column":20},"end":{"line":346,"column":66}},"183":{"start":{"line":348,"column":4},"end":{"line":379,"column":null}},"184":{"start":{"line":349,"column":6},"end":{"line":349,"column":null}},"185":{"start":{"line":349,"column":38},"end":{"line":349,"column":null}},"186":{"start":{"line":351,"column":23},"end":{"line":351,"column":49}},"187":{"start":{"line":353,"column":6},"end":{"line":378,"column":null}},"188":{"start":{"line":354,"column":8},"end":{"line":354,"column":null}},"189":{"start":{"line":355,"column":13},"end":{"line":378,"column":null}},"190":{"start":{"line":356,"column":8},"end":{"line":377,"column":null}},"191":{"start":{"line":357,"column":26},"end":{"line":357,"column":62}},"192":{"start":{"line":358,"column":24},"end":{"line":358,"column":49}},"193":{"start":{"line":359,"column":32},"end":{"line":361,"column":null}},"194":{"start":{"line":360,"column":12},"end":{"line":361,"column":58}},"195":{"start":{"line":364,"column":10},"end":{"line":374,"column":null}},"196":{"start":{"line":365,"column":27},"end":{"line":365,"column":52}},"197":{"start":{"line":366,"column":33},"end":{"line":366,"column":67}},"198":{"start":{"line":367,"column":26},"end":{"line":367,"column":85}},"199":{"start":{"line":369,"column":12},"end":{"line":373,"column":null}},"200":{"start":{"line":382,"column":2},"end":{"line":382,"column":null}},"201":{"start":{"line":383,"column":2},"end":{"line":383,"column":null}},"202":{"start":{"line":392,"column":2},"end":{"line":417,"column":null}},"203":{"start":{"line":393,"column":20},"end":{"line":393,"column":56}},"204":{"start":{"line":394,"column":21},"end":{"line":394,"column":46}},"205":{"start":{"line":398,"column":26},"end":{"line":400,"column":null}},"206":{"start":{"line":403,"column":18},"end":{"line":403,"column":23}},"207":{"start":{"line":404,"column":23},"end":{"line":408,"column":6}},"208":{"start":{"line":405,"column":6},"end":{"line":405,"column":null}},"209":{"start":{"line":406,"column":22},"end":{"line":406,"column":71}},"210":{"start":{"line":407,"column":6},"end":{"line":407,"column":null}},"211":{"start":{"line":410,"column":4},"end":{"line":413,"column":null}},"212":{"start":{"line":411,"column":6},"end":{"line":411,"column":null}},"213":{"start":{"line":412,"column":6},"end":{"line":412,"column":null}},"214":{"start":{"line":414,"column":4},"end":{"line":414,"column":null}},"215":{"start":{"line":416,"column":4},"end":{"line":416,"column":null}},"216":{"start":{"line":422,"column":20},"end":{"line":422,"column":37}},"217":{"start":{"line":425,"column":20},"end":{"line":425,"column":66}},"218":{"start":{"line":427,"column":4},"end":{"line":441,"column":null}},"219":{"start":{"line":428,"column":6},"end":{"line":428,"column":null}},"220":{"start":{"line":428,"column":38},"end":{"line":428,"column":null}},"221":{"start":{"line":430,"column":23},"end":{"line":430,"column":49}},"222":{"start":{"line":432,"column":6},"end":{"line":440,"column":null}},"223":{"start":{"line":433,"column":8},"end":{"line":433,"column":null}},"224":{"start":{"line":434,"column":13},"end":{"line":440,"column":null}},"225":{"start":{"line":436,"column":29},"end":{"line":436,"column":63}},"226":{"start":{"line":437,"column":25},"end":{"line":437,"column":54}},"227":{"start":{"line":438,"column":8},"end":{"line":438,"column":null}},"228":{"start":{"line":439,"column":8},"end":{"line":439,"column":null}},"229":{"start":{"line":444,"column":2},"end":{"line":444,"column":null}},"230":{"start":{"line":445,"column":2},"end":{"line":445,"column":null}},"231":{"start":{"line":450,"column":22},"end":{"line":450,"column":46}},"232":{"start":{"line":452,"column":2},"end":{"line":452,"column":null}},"233":{"start":{"line":452,"column":35},"end":{"line":452,"column":null}},"234":{"start":{"line":454,"column":19},"end":{"line":454,"column":62}},"235":{"start":{"line":455,"column":2},"end":{"line":455,"column":null}},"236":{"start":{"line":462,"column":21},"end":{"line":462,"column":53}},"237":{"start":{"line":463,"column":91},"end":{"line":463,"column":93}},"238":{"start":{"line":466,"column":20},"end":{"line":466,"column":66}},"239":{"start":{"line":468,"column":4},"end":{"line":496,"column":null}},"240":{"start":{"line":469,"column":6},"end":{"line":469,"column":null}},"241":{"start":{"line":469,"column":38},"end":{"line":469,"column":null}},"242":{"start":{"line":471,"column":23},"end":{"line":471,"column":49}},"243":{"start":{"line":473,"column":6},"end":{"line":495,"column":null}},"244":{"start":{"line":474,"column":8},"end":{"line":474,"column":null}},"245":{"start":{"line":475,"column":13},"end":{"line":495,"column":null}},"246":{"start":{"line":476,"column":8},"end":{"line":494,"column":null}},"247":{"start":{"line":477,"column":26},"end":{"line":477,"column":62}},"248":{"start":{"line":478,"column":24},"end":{"line":478,"column":49}},"249":{"start":{"line":479,"column":30},"end":{"line":479,"column":86}},"250":{"start":{"line":479,"column":51},"end":{"line":479,"column":85}},"251":{"start":{"line":481,"column":10},"end":{"line":491,"column":null}},"252":{"start":{"line":482,"column":27},"end":{"line":482,"column":52}},"253":{"start":{"line":483,"column":33},"end":{"line":483,"column":67}},"254":{"start":{"line":484,"column":26},"end":{"line":484,"column":85}},"255":{"start":{"line":486,"column":12},"end":{"line":490,"column":null}},"256":{"start":{"line":499,"column":2},"end":{"line":499,"column":null}},"257":{"start":{"line":500,"column":2},"end":{"line":500,"column":null}},"258":{"start":{"line":505,"column":2},"end":{"line":507,"column":null}},"259":{"start":{"line":506,"column":4},"end":{"line":506,"column":null}},"260":{"start":{"line":509,"column":16},"end":{"line":509,"column":42}},"261":{"start":{"line":510,"column":2},"end":{"line":510,"column":null}},"262":{"start":{"line":511,"column":2},"end":{"line":511,"column":null}},"263":{"start":{"line":512,"column":2},"end":{"line":512,"column":null}},"264":{"start":{"line":517,"column":28},"end":{"line":517,"column":30}},"265":{"start":{"line":518,"column":16},"end":{"line":518,"column":35}},"266":{"start":{"line":520,"column":2},"end":{"line":547,"column":null}},"267":{"start":{"line":522,"column":18},"end":{"line":522,"column":61}},"268":{"start":{"line":523,"column":4},"end":{"line":546,"column":null}},"269":{"start":{"line":524,"column":32},"end":{"line":524,"column":40}},"270":{"start":{"line":525,"column":24},"end":{"line":525,"column":54}},"271":{"start":{"line":526,"column":19},"end":{"line":526,"column":27}},"272":{"start":{"line":529,"column":21},"end":{"line":529,"column":45}},"273":{"start":{"line":532,"column":25},"end":{"line":532,"column":50}},"274":{"start":{"line":533,"column":19},"end":{"line":533,"column":54}},"275":{"start":{"line":533,"column":39},"end":{"line":533,"column":53}},"276":{"start":{"line":536,"column":19},"end":{"line":536,"column":54}},"277":{"start":{"line":538,"column":6},"end":{"line":545,"column":null}},"278":{"start":{"line":549,"column":2},"end":{"line":549,"column":null}},"279":{"start":{"line":553,"column":15},"end":{"line":557,"column":2}},"280":{"start":{"line":560,"column":0},"end":{"line":611,"column":null}},"281":{"start":{"line":568,"column":4},"end":{"line":609,"column":null}},"282":{"start":{"line":570,"column":20},"end":{"line":570,"column":22}},"283":{"start":{"line":571,"column":6},"end":{"line":576,"column":null}},"284":{"start":{"line":572,"column":8},"end":{"line":572,"column":null}},"285":{"start":{"line":575,"column":8},"end":{"line":575,"column":null}},"286":{"start":{"line":579,"column":24},"end":{"line":579,"column":75}},"287":{"start":{"line":580,"column":23},"end":{"line":580,"column":50}},"288":{"start":{"line":583,"column":25},"end":{"line":585,"column":25}},"289":{"start":{"line":588,"column":6},"end":{"line":588,"column":null}},"290":{"start":{"line":589,"column":6},"end":{"line":589,"column":null}},"291":{"start":{"line":591,"column":6},"end":{"line":598,"column":null}},"292":{"start":{"line":600,"column":6},"end":{"line":608,"column":null}},"293":{"start":{"line":614,"column":0},"end":{"line":706,"column":null}},"294":{"start":{"line":624,"column":4},"end":{"line":704,"column":null}},"295":{"start":{"line":625,"column":27},"end":{"line":625,"column":50}},"296":{"start":{"line":626,"column":25},"end":{"line":626,"column":64}},"297":{"start":{"line":629,"column":6},"end":{"line":639,"column":null}},"298":{"start":{"line":630,"column":8},"end":{"line":638,"column":null}},"299":{"start":{"line":642,"column":23},"end":{"line":645,"column":38}},"300":{"start":{"line":647,"column":23},"end":{"line":647,"column":54}},"301":{"start":{"line":650,"column":19},"end":{"line":650,"column":43}},"302":{"start":{"line":651,"column":24},"end":{"line":651,"column":34}},"303":{"start":{"line":652,"column":26},"end":{"line":656,"column":null}},"304":{"start":{"line":655,"column":28},"end":{"line":655,"column":36}},"305":{"start":{"line":659,"column":26},"end":{"line":659,"column":58}},"306":{"start":{"line":662,"column":6},"end":{"line":662,"column":null}},"307":{"start":{"line":665,"column":6},"end":{"line":678,"column":null}},"308":{"start":{"line":666,"column":8},"end":{"line":666,"column":null}},"309":{"start":{"line":667,"column":8},"end":{"line":675,"column":null}},"310":{"start":{"line":681,"column":6},"end":{"line":681,"column":null}},"311":{"start":{"line":684,"column":6},"end":{"line":684,"column":null}},"312":{"start":{"line":686,"column":6},"end":{"line":693,"column":null}},"313":{"start":{"line":695,"column":6},"end":{"line":703,"column":null}},"314":{"start":{"line":709,"column":0},"end":{"line":812,"column":null}},"315":{"start":{"line":717,"column":4},"end":{"line":810,"column":null}},"316":{"start":{"line":718,"column":25},"end":{"line":718,"column":36}},"317":{"start":{"line":719,"column":25},"end":{"line":719,"column":39}},"318":{"start":{"line":720,"column":79},"end":{"line":720,"column":81}},"319":{"start":{"line":721,"column":25},"end":{"line":721,"column":44}},"320":{"start":{"line":725,"column":8},"end":{"line":725,"column":null}},"321":{"start":{"line":725,"column":42},"end":{"line":725,"column":null}},"322":{"start":{"line":727,"column":24},"end":{"line":727,"column":70}},"323":{"start":{"line":729,"column":8},"end":{"line":772,"column":null}},"324":{"start":{"line":730,"column":10},"end":{"line":730,"column":null}},"325":{"start":{"line":730,"column":44},"end":{"line":730,"column":null}},"326":{"start":{"line":732,"column":27},"end":{"line":732,"column":53}},"327":{"start":{"line":735,"column":10},"end":{"line":735,"column":null}},"328":{"start":{"line":735,"column":42},"end":{"line":735,"column":null}},"329":{"start":{"line":737,"column":10},"end":{"line":771,"column":null}},"330":{"start":{"line":738,"column":12},"end":{"line":738,"column":null}},"331":{"start":{"line":739,"column":17},"end":{"line":771,"column":null}},"332":{"start":{"line":740,"column":28},"end":{"line":740,"column":64}},"333":{"start":{"line":741,"column":33},"end":{"line":741,"column":68}},"334":{"start":{"line":744,"column":36},"end":{"line":744,"column":81}},"335":{"start":{"line":745,"column":35},"end":{"line":745,"column":77}},"336":{"start":{"line":747,"column":12},"end":{"line":770,"column":null}},"337":{"start":{"line":749,"column":39},"end":{"line":749,"column":105}},"338":{"start":{"line":750,"column":28},"end":{"line":750,"column":98}},"339":{"start":{"line":753,"column":28},"end":{"line":753,"column":30}},"340":{"start":{"line":754,"column":14},"end":{"line":763,"column":null}},"341":{"start":{"line":755,"column":30},"end":{"line":755,"column":71}},"342":{"start":{"line":756,"column":30},"end":{"line":756,"column":53}},"343":{"start":{"line":757,"column":28},"end":{"line":757,"column":79}},"344":{"start":{"line":758,"column":16},"end":{"line":760,"column":null}},"345":{"start":{"line":762,"column":16},"end":{"line":762,"column":null}},"346":{"start":{"line":765,"column":14},"end":{"line":769,"column":null}},"347":{"start":{"line":775,"column":6},"end":{"line":775,"column":null}},"348":{"start":{"line":777,"column":6},"end":{"line":786,"column":null}},"349":{"start":{"line":778,"column":8},"end":{"line":785,"column":null}},"350":{"start":{"line":788,"column":25},"end":{"line":790,"column":21}},"351":{"start":{"line":789,"column":23},"end":{"line":789,"column":86}},"352":{"start":{"line":792,"column":6},"end":{"line":799,"column":null}},"353":{"start":{"line":801,"column":6},"end":{"line":809,"column":null}},"354":{"start":{"line":815,"column":0},"end":{"line":939,"column":null}},"355":{"start":{"line":825,"column":4},"end":{"line":937,"column":null}},"356":{"start":{"line":826,"column":26},"end":{"line":826,"column":42}},"357":{"start":{"line":827,"column":25},"end":{"line":827,"column":39}},"358":{"start":{"line":830,"column":6},"end":{"line":832,"column":null}},"359":{"start":{"line":831,"column":8},"end":{"line":831,"column":null}},"360":{"start":{"line":835,"column":24},"end":{"line":835,"column":38}},"361":{"start":{"line":836,"column":20},"end":{"line":836,"column":57}},"362":{"start":{"line":838,"column":25},"end":{"line":838,"column":27}},"363":{"start":{"line":840,"column":6},"end":{"line":853,"column":null}},"364":{"start":{"line":841,"column":8},"end":{"line":841,"column":null}},"365":{"start":{"line":842,"column":8},"end":{"line":842,"column":null}},"366":{"start":{"line":843,"column":8},"end":{"line":843,"column":null}},"367":{"start":{"line":845,"column":8},"end":{"line":845,"column":null}},"368":{"start":{"line":846,"column":30},"end":{"line":848,"column":38}},"369":{"start":{"line":847,"column":34},"end":{"line":847,"column":43}},"370":{"start":{"line":848,"column":26},"end":{"line":848,"column":37}},"371":{"start":{"line":849,"column":8},"end":{"line":851,"column":null}},"372":{"start":{"line":850,"column":10},"end":{"line":850,"column":null}},"373":{"start":{"line":852,"column":8},"end":{"line":852,"column":null}},"374":{"start":{"line":855,"column":6},"end":{"line":862,"column":null}},"375":{"start":{"line":856,"column":8},"end":{"line":856,"column":null}},"376":{"start":{"line":857,"column":28},"end":{"line":857,"column":63}},"377":{"start":{"line":858,"column":8},"end":{"line":860,"column":null}},"378":{"start":{"line":859,"column":10},"end":{"line":859,"column":null}},"379":{"start":{"line":861,"column":8},"end":{"line":861,"column":null}},"380":{"start":{"line":864,"column":6},"end":{"line":897,"column":null}},"381":{"start":{"line":865,"column":8},"end":{"line":865,"column":null}},"382":{"start":{"line":866,"column":27},"end":{"line":867,"column":38}},"383":{"start":{"line":867,"column":26},"end":{"line":867,"column":37}},"384":{"start":{"line":870,"column":25},"end":{"line":870,"column":63}},"385":{"start":{"line":870,"column":55},"end":{"line":870,"column":62}},"386":{"start":{"line":871,"column":24},"end":{"line":871,"column":71}},"387":{"start":{"line":871,"column":54},"end":{"line":871,"column":70}},"388":{"start":{"line":872,"column":24},"end":{"line":872,"column":60}},"389":{"start":{"line":872,"column":54},"end":{"line":872,"column":59}},"390":{"start":{"line":874,"column":8},"end":{"line":880,"column":null}},"391":{"start":{"line":875,"column":10},"end":{"line":875,"column":null}},"392":{"start":{"line":876,"column":10},"end":{"line":878,"column":null}},"393":{"start":{"line":877,"column":12},"end":{"line":877,"column":null}},"394":{"start":{"line":879,"column":10},"end":{"line":879,"column":null}},"395":{"start":{"line":882,"column":8},"end":{"line":888,"column":null}},"396":{"start":{"line":883,"column":10},"end":{"line":883,"column":null}},"397":{"start":{"line":884,"column":10},"end":{"line":886,"column":null}},"398":{"start":{"line":885,"column":12},"end":{"line":885,"column":null}},"399":{"start":{"line":887,"column":10},"end":{"line":887,"column":null}},"400":{"start":{"line":890,"column":8},"end":{"line":896,"column":null}},"401":{"start":{"line":891,"column":10},"end":{"line":891,"column":null}},"402":{"start":{"line":892,"column":10},"end":{"line":894,"column":null}},"403":{"start":{"line":893,"column":12},"end":{"line":893,"column":null}},"404":{"start":{"line":895,"column":10},"end":{"line":895,"column":null}},"405":{"start":{"line":899,"column":6},"end":{"line":914,"column":null}},"406":{"start":{"line":900,"column":8},"end":{"line":900,"column":null}},"407":{"start":{"line":901,"column":8},"end":{"line":901,"column":null}},"408":{"start":{"line":902,"column":8},"end":{"line":902,"column":null}},"409":{"start":{"line":903,"column":8},"end":{"line":903,"column":null}},"410":{"start":{"line":904,"column":8},"end":{"line":904,"column":null}},"411":{"start":{"line":907,"column":24},"end":{"line":909,"column":22}},"412":{"start":{"line":908,"column":26},"end":{"line":908,"column":37}},"413":{"start":{"line":910,"column":8},"end":{"line":910,"column":null}},"414":{"start":{"line":911,"column":8},"end":{"line":913,"column":null}},"415":{"start":{"line":912,"column":10},"end":{"line":912,"column":null}},"416":{"start":{"line":917,"column":23},"end":{"line":917,"column":56}},"417":{"start":{"line":918,"column":30},"end":{"line":918,"column":57}},"418":{"start":{"line":919,"column":6},"end":{"line":919,"column":null}},"419":{"start":{"line":921,"column":6},"end":{"line":926,"column":null}},"420":{"start":{"line":928,"column":6},"end":{"line":936,"column":null}},"421":{"start":{"line":942,"column":0},"end":{"line":1048,"column":null}},"422":{"start":{"line":952,"column":4},"end":{"line":1046,"column":null}},"423":{"start":{"line":953,"column":27},"end":{"line":953,"column":36}},"424":{"start":{"line":954,"column":25},"end":{"line":954,"column":36}},"425":{"start":{"line":955,"column":25},"end":{"line":955,"column":39}},"426":{"start":{"line":956,"column":25},"end":{"line":956,"column":35}},"427":{"start":{"line":957,"column":6},"end":{"line":957,"column":null}},"428":{"start":{"line":964,"column":11},"end":{"line":964,"column":13}},"429":{"start":{"line":967,"column":24},"end":{"line":967,"column":70}},"430":{"start":{"line":969,"column":8},"end":{"line":997,"column":null}},"431":{"start":{"line":970,"column":10},"end":{"line":970,"column":null}},"432":{"start":{"line":970,"column":42},"end":{"line":970,"column":null}},"433":{"start":{"line":972,"column":27},"end":{"line":972,"column":53}},"434":{"start":{"line":974,"column":10},"end":{"line":996,"column":null}},"435":{"start":{"line":975,"column":12},"end":{"line":975,"column":null}},"436":{"start":{"line":976,"column":17},"end":{"line":996,"column":null}},"437":{"start":{"line":977,"column":12},"end":{"line":995,"column":null}},"438":{"start":{"line":978,"column":28},"end":{"line":978,"column":51}},"439":{"start":{"line":979,"column":14},"end":{"line":992,"column":null}},"440":{"start":{"line":980,"column":32},"end":{"line":980,"column":68}},"441":{"start":{"line":981,"column":31},"end":{"line":981,"column":56}},"442":{"start":{"line":982,"column":37},"end":{"line":982,"column":72}},"443":{"start":{"line":983,"column":30},"end":{"line":983,"column":89}},"444":{"start":{"line":984,"column":29},"end":{"line":984,"column":60}},"445":{"start":{"line":986,"column":16},"end":{"line":991,"column":null}},"446":{"start":{"line":1000,"column":6},"end":{"line":1000,"column":null}},"447":{"start":{"line":1003,"column":6},"end":{"line":1003,"column":null}},"448":{"start":{"line":1003,"column":29},"end":{"line":1003,"column":72}},"449":{"start":{"line":1006,"column":22},"end":{"line":1006,"column":50}},"450":{"start":{"line":1008,"column":6},"end":{"line":1015,"column":null}},"451":{"start":{"line":1009,"column":8},"end":{"line":1014,"column":null}},"452":{"start":{"line":1017,"column":25},"end":{"line":1017,"column":57}},"453":{"start":{"line":1018,"column":6},"end":{"line":1018,"column":null}},"454":{"start":{"line":1019,"column":6},"end":{"line":1021,"column":null}},"455":{"start":{"line":1020,"column":8},"end":{"line":1020,"column":null}},"456":{"start":{"line":1022,"column":6},"end":{"line":1022,"column":null}},"457":{"start":{"line":1024,"column":6},"end":{"line":1030,"column":null}},"458":{"start":{"line":1025,"column":24},"end":{"line":1025,"column":46}},"459":{"start":{"line":1026,"column":23},"end":{"line":1026,"column":118}},"460":{"start":{"line":1027,"column":8},"end":{"line":1027,"column":null}},"461":{"start":{"line":1028,"column":8},"end":{"line":1028,"column":null}},"462":{"start":{"line":1029,"column":8},"end":{"line":1029,"column":null}},"463":{"start":{"line":1032,"column":6},"end":{"line":1037,"column":null}},"464":{"start":{"line":1039,"column":6},"end":{"line":1045,"column":null}},"465":{"start":{"line":1051,"column":0},"end":{"line":1236,"column":null}},"466":{"start":{"line":1060,"column":4},"end":{"line":1234,"column":null}},"467":{"start":{"line":1061,"column":23},"end":{"line":1061,"column":38}},"468":{"start":{"line":1062,"column":23},"end":{"line":1062,"column":37}},"469":{"start":{"line":1063,"column":27},"end":{"line":1063,"column":86}},"470":{"start":{"line":1066,"column":6},"end":{"line":1074,"column":null}},"471":{"start":{"line":1067,"column":8},"end":{"line":1073,"column":null}},"472":{"start":{"line":1076,"column":20},"end":{"line":1076,"column":21}},"473":{"start":{"line":1077,"column":21},"end":{"line":1077,"column":22}},"474":{"start":{"line":1078,"column":20},"end":{"line":1078,"column":21}},"475":{"start":{"line":1079,"column":23},"end":{"line":1079,"column":24}},"476":{"start":{"line":1080,"column":32},"end":{"line":1080,"column":34}},"477":{"start":{"line":1081,"column":31},"end":{"line":1081,"column":33}},"478":{"start":{"line":1086,"column":8},"end":{"line":1090,"column":null}},"479":{"start":{"line":1087,"column":10},"end":{"line":1087,"column":null}},"480":{"start":{"line":1089,"column":10},"end":{"line":1089,"column":17}},"481":{"start":{"line":1092,"column":8},"end":{"line":1171,"column":null}},"482":{"start":{"line":1093,"column":27},"end":{"line":1093,"column":53}},"483":{"start":{"line":1096,"column":10},"end":{"line":1096,"column":null}},"484":{"start":{"line":1096,"column":42},"end":{"line":1096,"column":null}},"485":{"start":{"line":1098,"column":10},"end":{"line":1170,"column":null}},"486":{"start":{"line":1099,"column":12},"end":{"line":1099,"column":null}},"487":{"start":{"line":1100,"column":17},"end":{"line":1170,"column":null}},"488":{"start":{"line":1101,"column":12},"end":{"line":1101,"column":null}},"489":{"start":{"line":1102,"column":12},"end":{"line":1169,"column":null}},"490":{"start":{"line":1104,"column":30},"end":{"line":1104,"column":66}},"491":{"start":{"line":1105,"column":35},"end":{"line":1105,"column":74}},"492":{"start":{"line":1108,"column":29},"end":{"line":1108,"column":54}},"493":{"start":{"line":1109,"column":33},"end":{"line":1109,"column":58}},"494":{"start":{"line":1110,"column":27},"end":{"line":1110,"column":50}},"495":{"start":{"line":1113,"column":14},"end":{"line":1116,"column":null}},"496":{"start":{"line":1114,"column":16},"end":{"line":1114,"column":null}},"497":{"start":{"line":1115,"column":16},"end":{"line":1115,"column":null}},"498":{"start":{"line":1119,"column":31},"end":{"line":1119,"column":78}},"499":{"start":{"line":1122,"column":34},"end":{"line":1122,"column":75}},"500":{"start":{"line":1123,"column":14},"end":{"line":1123,"column":null}},"501":{"start":{"line":1126,"column":29},"end":{"line":1126,"column":67}},"502":{"start":{"line":1129,"column":33},"end":{"line":1129,"column":38}},"503":{"start":{"line":1130,"column":14},"end":{"line":1136,"column":null}},"504":{"start":{"line":1131,"column":37},"end":{"line":1131,"column":50}},"505":{"start":{"line":1132,"column":16},"end":{"line":1132,"column":null}},"506":{"start":{"line":1133,"column":16},"end":{"line":1135,"column":null}},"507":{"start":{"line":1134,"column":18},"end":{"line":1134,"column":null}},"508":{"start":{"line":1139,"column":30},"end":{"line":1139,"column":84}},"509":{"start":{"line":1140,"column":33},"end":{"line":1140,"column":64}},"510":{"start":{"line":1143,"column":14},"end":{"line":1146,"column":null}},"511":{"start":{"line":1144,"column":16},"end":{"line":1144,"column":null}},"512":{"start":{"line":1145,"column":16},"end":{"line":1145,"column":null}},"513":{"start":{"line":1149,"column":46},"end":{"line":1149,"column":48}},"514":{"start":{"line":1150,"column":14},"end":{"line":1150,"column":null}},"515":{"start":{"line":1150,"column":27},"end":{"line":1150,"column":null}},"516":{"start":{"line":1151,"column":14},"end":{"line":1154,"column":null}},"517":{"start":{"line":1152,"column":16},"end":{"line":1152,"column":null}},"518":{"start":{"line":1153,"column":16},"end":{"line":1153,"column":null}},"519":{"start":{"line":1155,"column":14},"end":{"line":1157,"column":null}},"520":{"start":{"line":1156,"column":16},"end":{"line":1156,"column":null}},"521":{"start":{"line":1159,"column":14},"end":{"line":1159,"column":null}},"522":{"start":{"line":1162,"column":14},"end":{"line":1164,"column":null}},"523":{"start":{"line":1163,"column":16},"end":{"line":1163,"column":null}},"524":{"start":{"line":1165,"column":14},"end":{"line":1165,"column":null}},"525":{"start":{"line":1168,"column":14},"end":{"line":1168,"column":null}},"526":{"start":{"line":1174,"column":6},"end":{"line":1174,"column":null}},"527":{"start":{"line":1177,"column":20},"end":{"line":1177,"column":84}},"528":{"start":{"line":1178,"column":6},"end":{"line":1180,"column":null}},"529":{"start":{"line":1179,"column":8},"end":{"line":1179,"column":null}},"530":{"start":{"line":1181,"column":6},"end":{"line":1181,"column":null}},"531":{"start":{"line":1182,"column":6},"end":{"line":1182,"column":null}},"532":{"start":{"line":1183,"column":6},"end":{"line":1183,"column":null}},"533":{"start":{"line":1184,"column":6},"end":{"line":1186,"column":null}},"534":{"start":{"line":1185,"column":8},"end":{"line":1185,"column":null}},"535":{"start":{"line":1188,"column":6},"end":{"line":1199,"column":null}},"536":{"start":{"line":1189,"column":8},"end":{"line":1189,"column":null}},"537":{"start":{"line":1190,"column":8},"end":{"line":1192,"column":null}},"538":{"start":{"line":1191,"column":10},"end":{"line":1191,"column":null}},"539":{"start":{"line":1193,"column":13},"end":{"line":1199,"column":null}},"540":{"start":{"line":1194,"column":8},"end":{"line":1194,"column":null}},"541":{"start":{"line":1195,"column":8},"end":{"line":1197,"column":null}},"542":{"start":{"line":1196,"column":10},"end":{"line":1196,"column":null}},"543":{"start":{"line":1198,"column":8},"end":{"line":1198,"column":null}},"544":{"start":{"line":1201,"column":6},"end":{"line":1209,"column":null}},"545":{"start":{"line":1202,"column":8},"end":{"line":1202,"column":null}},"546":{"start":{"line":1203,"column":8},"end":{"line":1205,"column":null}},"547":{"start":{"line":1204,"column":10},"end":{"line":1204,"column":null}},"548":{"start":{"line":1206,"column":8},"end":{"line":1208,"column":null}},"549":{"start":{"line":1207,"column":10},"end":{"line":1207,"column":null}},"550":{"start":{"line":1211,"column":6},"end":{"line":1213,"column":null}},"551":{"start":{"line":1212,"column":8},"end":{"line":1212,"column":null}},"552":{"start":{"line":1216,"column":6},"end":{"line":1218,"column":null}},"553":{"start":{"line":1217,"column":8},"end":{"line":1217,"column":null}},"554":{"start":{"line":1220,"column":6},"end":{"line":1225,"column":null}},"555":{"start":{"line":1227,"column":6},"end":{"line":1233,"column":null}},"556":{"start":{"line":1239,"column":0},"end":{"line":1308,"column":null}},"557":{"start":{"line":1246,"column":4},"end":{"line":1306,"column":null}},"558":{"start":{"line":1247,"column":23},"end":{"line":1247,"column":58}},"559":{"start":{"line":1250,"column":6},"end":{"line":1258,"column":null}},"560":{"start":{"line":1251,"column":8},"end":{"line":1257,"column":null}},"561":{"start":{"line":1261,"column":22},"end":{"line":1261,"column":58}},"562":{"start":{"line":1262,"column":21},"end":{"line":1262,"column":46}},"563":{"start":{"line":1265,"column":20},"end":{"line":1265,"column":43}},"564":{"start":{"line":1267,"column":25},"end":{"line":1267,"column":45}},"565":{"start":{"line":1269,"column":6},"end":{"line":1278,"column":null}},"566":{"start":{"line":1270,"column":8},"end":{"line":1270,"column":null}},"567":{"start":{"line":1271,"column":8},"end":{"line":1271,"column":null}},"568":{"start":{"line":1272,"column":8},"end":{"line":1272,"column":null}},"569":{"start":{"line":1273,"column":8},"end":{"line":1273,"column":null}},"570":{"start":{"line":1274,"column":8},"end":{"line":1274,"column":null}},"571":{"start":{"line":1276,"column":8},"end":{"line":1276,"column":null}},"572":{"start":{"line":1277,"column":8},"end":{"line":1277,"column":null}},"573":{"start":{"line":1280,"column":6},"end":{"line":1280,"column":null}},"574":{"start":{"line":1282,"column":6},"end":{"line":1287,"column":null}},"575":{"start":{"line":1289,"column":22},"end":{"line":1289,"column":78}},"576":{"start":{"line":1290,"column":6},"end":{"line":1298,"column":null}},"577":{"start":{"line":1291,"column":8},"end":{"line":1297,"column":null}},"578":{"start":{"line":1299,"column":6},"end":{"line":1305,"column":null}},"579":{"start":{"line":1311,"column":0},"end":{"line":1406,"column":null}},"580":{"start":{"line":1321,"column":4},"end":{"line":1404,"column":null}},"581":{"start":{"line":1322,"column":27},"end":{"line":1322,"column":42}},"582":{"start":{"line":1324,"column":20},"end":{"line":1324,"column":22}},"583":{"start":{"line":1325,"column":6},"end":{"line":1334,"column":null}},"584":{"start":{"line":1326,"column":8},"end":{"line":1326,"column":null}},"585":{"start":{"line":1328,"column":8},"end":{"line":1333,"column":null}},"586":{"start":{"line":1336,"column":18},"end":{"line":1336,"column":37}},"587":{"start":{"line":1339,"column":6},"end":{"line":1343,"column":null}},"588":{"start":{"line":1340,"column":8},"end":{"line":1340,"column":null}},"589":{"start":{"line":1340,"column":34},"end":{"line":1340,"column":46}},"590":{"start":{"line":1341,"column":13},"end":{"line":1343,"column":null}},"591":{"start":{"line":1342,"column":8},"end":{"line":1342,"column":null}},"592":{"start":{"line":1342,"column":34},"end":{"line":1342,"column":45}},"593":{"start":{"line":1345,"column":6},"end":{"line":1347,"column":null}},"594":{"start":{"line":1346,"column":8},"end":{"line":1346,"column":null}},"595":{"start":{"line":1346,"column":34},"end":{"line":1346,"column":54}},"596":{"start":{"line":1349,"column":6},"end":{"line":1361,"column":null}},"597":{"start":{"line":1350,"column":22},"end":{"line":1350,"column":38}},"598":{"start":{"line":1351,"column":8},"end":{"line":1354,"column":null}},"599":{"start":{"line":1352,"column":10},"end":{"line":1352,"column":null}},"600":{"start":{"line":1353,"column":10},"end":{"line":1353,"column":null}},"601":{"start":{"line":1353,"column":19},"end":{"line":1353,"column":null}},"602":{"start":{"line":1355,"column":8},"end":{"line":1360,"column":null}},"603":{"start":{"line":1364,"column":22},"end":{"line":1364,"column":53}},"604":{"start":{"line":1364,"column":40},"end":{"line":1364,"column":52}},"605":{"start":{"line":1365,"column":24},"end":{"line":1365,"column":54}},"606":{"start":{"line":1365,"column":42},"end":{"line":1365,"column":53}},"607":{"start":{"line":1367,"column":25},"end":{"line":1367,"column":63}},"608":{"start":{"line":1369,"column":6},"end":{"line":1377,"column":null}},"609":{"start":{"line":1370,"column":8},"end":{"line":1370,"column":null}},"610":{"start":{"line":1371,"column":8},"end":{"line":1375,"column":null}},"611":{"start":{"line":1372,"column":28},"end":{"line":1372,"column":52}},"612":{"start":{"line":1373,"column":25},"end":{"line":1373,"column":98}},"613":{"start":{"line":1373,"column":72},"end":{"line":1373,"column":79}},"614":{"start":{"line":1374,"column":10},"end":{"line":1374,"column":null}},"615":{"start":{"line":1376,"column":8},"end":{"line":1376,"column":null}},"616":{"start":{"line":1379,"column":6},"end":{"line":1386,"column":null}},"617":{"start":{"line":1380,"column":8},"end":{"line":1380,"column":null}},"618":{"start":{"line":1381,"column":8},"end":{"line":1385,"column":null}},"619":{"start":{"line":1382,"column":28},"end":{"line":1382,"column":52}},"620":{"start":{"line":1383,"column":25},"end":{"line":1383,"column":98}},"621":{"start":{"line":1383,"column":72},"end":{"line":1383,"column":79}},"622":{"start":{"line":1384,"column":10},"end":{"line":1384,"column":null}},"623":{"start":{"line":1388,"column":6},"end":{"line":1388,"column":null}},"624":{"start":{"line":1390,"column":6},"end":{"line":1395,"column":null}},"625":{"start":{"line":1397,"column":6},"end":{"line":1403,"column":null}},"626":{"start":{"line":1409,"column":0},"end":{"line":1526,"column":null}},"627":{"start":{"line":1419,"column":4},"end":{"line":1524,"column":null}},"628":{"start":{"line":1420,"column":6},"end":{"line":1428,"column":null}},"629":{"start":{"line":1421,"column":8},"end":{"line":1427,"column":null}},"630":{"start":{"line":1430,"column":20},"end":{"line":1430,"column":22}},"631":{"start":{"line":1431,"column":6},"end":{"line":1441,"column":null}},"632":{"start":{"line":1432,"column":8},"end":{"line":1432,"column":null}},"633":{"start":{"line":1434,"column":8},"end":{"line":1440,"column":null}},"634":{"start":{"line":1443,"column":20},"end":{"line":1443,"column":39}},"635":{"start":{"line":1446,"column":6},"end":{"line":1480,"column":null}},"636":{"start":{"line":1447,"column":8},"end":{"line":1447,"column":null}},"637":{"start":{"line":1447,"column":37},"end":{"line":1447,"column":48}},"638":{"start":{"line":1448,"column":8},"end":{"line":1456,"column":null}},"639":{"start":{"line":1449,"column":10},"end":{"line":1455,"column":null}},"640":{"start":{"line":1457,"column":13},"end":{"line":1480,"column":null}},"641":{"start":{"line":1458,"column":26},"end":{"line":1458,"column":44}},"642":{"start":{"line":1459,"column":24},"end":{"line":1459,"column":83}},"643":{"start":{"line":1459,"column":42},"end":{"line":1459,"column":82}},"644":{"start":{"line":1460,"column":8},"end":{"line":1468,"column":null}},"645":{"start":{"line":1461,"column":10},"end":{"line":1467,"column":null}},"646":{"start":{"line":1469,"column":8},"end":{"line":1478,"column":null}},"647":{"start":{"line":1470,"column":28},"end":{"line":1470,"column":77}},"648":{"start":{"line":1470,"column":45},"end":{"line":1470,"column":65}},"649":{"start":{"line":1471,"column":10},"end":{"line":1477,"column":null}},"650":{"start":{"line":1479,"column":8},"end":{"line":1479,"column":null}},"651":{"start":{"line":1482,"column":6},"end":{"line":1490,"column":null}},"652":{"start":{"line":1483,"column":8},"end":{"line":1489,"column":null}},"653":{"start":{"line":1492,"column":6},"end":{"line":1499,"column":null}},"654":{"start":{"line":1493,"column":8},"end":{"line":1498,"column":null}},"655":{"start":{"line":1502,"column":20},"end":{"line":1502,"column":39}},"656":{"start":{"line":1503,"column":24},"end":{"line":1503,"column":43}},"657":{"start":{"line":1506,"column":6},"end":{"line":1506,"column":null}},"658":{"start":{"line":1508,"column":6},"end":{"line":1508,"column":null}},"659":{"start":{"line":1510,"column":6},"end":{"line":1515,"column":null}},"660":{"start":{"line":1517,"column":6},"end":{"line":1523,"column":null}},"661":{"start":{"line":1529,"column":0},"end":{"line":1627,"column":null}},"662":{"start":{"line":1540,"column":4},"end":{"line":1625,"column":null}},"663":{"start":{"line":1541,"column":23},"end":{"line":1541,"column":58}},"664":{"start":{"line":1544,"column":6},"end":{"line":1552,"column":null}},"665":{"start":{"line":1545,"column":8},"end":{"line":1551,"column":null}},"666":{"start":{"line":1556,"column":6},"end":{"line":1566,"column":null}},"667":{"start":{"line":1557,"column":8},"end":{"line":1557,"column":null}},"668":{"start":{"line":1559,"column":8},"end":{"line":1565,"column":null}},"669":{"start":{"line":1568,"column":21},"end":{"line":1568,"column":50}},"670":{"start":{"line":1569,"column":24},"end":{"line":1569,"column":49}},"671":{"start":{"line":1570,"column":17},"end":{"line":1570,"column":44}},"672":{"start":{"line":1572,"column":32},"end":{"line":1572,"column":34}},"673":{"start":{"line":1575,"column":6},"end":{"line":1578,"column":null}},"674":{"start":{"line":1576,"column":8},"end":{"line":1576,"column":null}},"675":{"start":{"line":1577,"column":8},"end":{"line":1577,"column":null}},"676":{"start":{"line":1581,"column":6},"end":{"line":1584,"column":null}},"677":{"start":{"line":1582,"column":8},"end":{"line":1582,"column":null}},"678":{"start":{"line":1583,"column":8},"end":{"line":1583,"column":null}},"679":{"start":{"line":1587,"column":6},"end":{"line":1592,"column":null}},"680":{"start":{"line":1588,"column":29},"end":{"line":1588,"column":60}},"681":{"start":{"line":1589,"column":8},"end":{"line":1589,"column":null}},"682":{"start":{"line":1589,"column":26},"end":{"line":1589,"column":45}},"683":{"start":{"line":1590,"column":8},"end":{"line":1590,"column":null}},"684":{"start":{"line":1591,"column":8},"end":{"line":1591,"column":null}},"685":{"start":{"line":1595,"column":6},"end":{"line":1600,"column":null}},"686":{"start":{"line":1596,"column":8},"end":{"line":1599,"column":null}},"687":{"start":{"line":1597,"column":10},"end":{"line":1597,"column":null}},"688":{"start":{"line":1598,"column":10},"end":{"line":1598,"column":null}},"689":{"start":{"line":1603,"column":22},"end":{"line":1603,"column":79}},"690":{"start":{"line":1604,"column":29},"end":{"line":1604,"column":60}},"691":{"start":{"line":1606,"column":6},"end":{"line":1606,"column":null}},"692":{"start":{"line":1609,"column":6},"end":{"line":1609,"column":null}},"693":{"start":{"line":1611,"column":6},"end":{"line":1616,"column":null}},"694":{"start":{"line":1618,"column":6},"end":{"line":1624,"column":null}},"695":{"start":{"line":1630,"column":0},"end":{"line":1723,"column":null}},"696":{"start":{"line":1638,"column":4},"end":{"line":1721,"column":null}},"697":{"start":{"line":1639,"column":23},"end":{"line":1639,"column":58}},"698":{"start":{"line":1642,"column":6},"end":{"line":1650,"column":null}},"699":{"start":{"line":1643,"column":8},"end":{"line":1649,"column":null}},"700":{"start":{"line":1653,"column":6},"end":{"line":1663,"column":null}},"701":{"start":{"line":1654,"column":8},"end":{"line":1654,"column":null}},"702":{"start":{"line":1656,"column":8},"end":{"line":1662,"column":null}},"703":{"start":{"line":1665,"column":6},"end":{"line":1712,"column":null}},"704":{"start":{"line":1667,"column":8},"end":{"line":1667,"column":null}},"705":{"start":{"line":1668,"column":8},"end":{"line":1668,"column":null}},"706":{"start":{"line":1669,"column":8},"end":{"line":1674,"column":null}},"707":{"start":{"line":1677,"column":25},"end":{"line":1677,"column":48}},"708":{"start":{"line":1678,"column":28},"end":{"line":1678,"column":75}},"709":{"start":{"line":1679,"column":32},"end":{"line":1679,"column":64}},"710":{"start":{"line":1682,"column":8},"end":{"line":1682,"column":null}},"711":{"start":{"line":1685,"column":8},"end":{"line":1711,"column":null}},"712":{"start":{"line":1686,"column":10},"end":{"line":1686,"column":null}},"713":{"start":{"line":1688,"column":22},"end":{"line":1688,"column":44}},"714":{"start":{"line":1689,"column":27},"end":{"line":1689,"column":55}},"715":{"start":{"line":1690,"column":28},"end":{"line":1690,"column":74}},"716":{"start":{"line":1691,"column":30},"end":{"line":1691,"column":62}},"717":{"start":{"line":1692,"column":37},"end":{"line":1692,"column":72}},"718":{"start":{"line":1693,"column":10},"end":{"line":1693,"column":null}},"719":{"start":{"line":1694,"column":10},"end":{"line":1694,"column":null}},"720":{"start":{"line":1695,"column":10},"end":{"line":1700,"column":null}},"721":{"start":{"line":1703,"column":10},"end":{"line":1703,"column":null}},"722":{"start":{"line":1704,"column":10},"end":{"line":1704,"column":null}},"723":{"start":{"line":1705,"column":10},"end":{"line":1710,"column":null}},"724":{"start":{"line":1714,"column":6},"end":{"line":1720,"column":null}},"725":{"start":{"line":1726,"column":0},"end":{"line":1838,"column":null}},"726":{"start":{"line":1735,"column":4},"end":{"line":1836,"column":null}},"727":{"start":{"line":1736,"column":25},"end":{"line":1736,"column":39}},"728":{"start":{"line":1737,"column":25},"end":{"line":1737,"column":71}},"729":{"start":{"line":1740,"column":6},"end":{"line":1748,"column":null}},"730":{"start":{"line":1741,"column":8},"end":{"line":1747,"column":null}},"731":{"start":{"line":1750,"column":26},"end":{"line":1750,"column":67}},"732":{"start":{"line":1751,"column":23},"end":{"line":1751,"column":41}},"733":{"start":{"line":1752,"column":23},"end":{"line":1752,"column":55}},"734":{"start":{"line":1755,"column":6},"end":{"line":1755,"column":null}},"735":{"start":{"line":1757,"column":28},"end":{"line":1757,"column":30}},"736":{"start":{"line":1758,"column":18},"end":{"line":1758,"column":23}},"737":{"start":{"line":1760,"column":6},"end":{"line":1765,"column":null}},"738":{"start":{"line":1761,"column":8},"end":{"line":1761,"column":null}},"739":{"start":{"line":1764,"column":8},"end":{"line":1764,"column":null}},"740":{"start":{"line":1769,"column":6},"end":{"line":1813,"column":null}},"741":{"start":{"line":1771,"column":28},"end":{"line":1776,"column":null}},"742":{"start":{"line":1777,"column":24},"end":{"line":1777,"column":66}},"743":{"start":{"line":1779,"column":8},"end":{"line":1783,"column":null}},"744":{"start":{"line":1780,"column":10},"end":{"line":1780,"column":null}},"745":{"start":{"line":1782,"column":10},"end":{"line":1782,"column":null}},"746":{"start":{"line":1786,"column":8},"end":{"line":1812,"column":null}},"747":{"start":{"line":1788,"column":31},"end":{"line":1788,"column":69}},"748":{"start":{"line":1789,"column":31},"end":{"line":1789,"column":66}},"749":{"start":{"line":1790,"column":10},"end":{"line":1809,"column":null}},"750":{"start":{"line":1792,"column":33},"end":{"line":1792,"column":51}},"751":{"start":{"line":1793,"column":33},"end":{"line":1793,"column":97}},"752":{"start":{"line":1794,"column":37},"end":{"line":1794,"column":64}},"753":{"start":{"line":1796,"column":12},"end":{"line":1805,"column":null}},"754":{"start":{"line":1798,"column":34},"end":{"line":1798,"column":96}},"755":{"start":{"line":1799,"column":29},"end":{"line":1799,"column":80}},"756":{"start":{"line":1800,"column":28},"end":{"line":1800,"column":66}},"757":{"start":{"line":1801,"column":14},"end":{"line":1801,"column":null}},"758":{"start":{"line":1804,"column":14},"end":{"line":1804,"column":null}},"759":{"start":{"line":1808,"column":12},"end":{"line":1808,"column":null}},"760":{"start":{"line":1811,"column":10},"end":{"line":1811,"column":null}},"761":{"start":{"line":1815,"column":6},"end":{"line":1815,"column":null}},"762":{"start":{"line":1818,"column":6},"end":{"line":1818,"column":null}},"763":{"start":{"line":1820,"column":6},"end":{"line":1827,"column":null}},"764":{"start":{"line":1829,"column":6},"end":{"line":1835,"column":null}},"765":{"start":{"line":1841,"column":0},"end":{"line":1944,"column":null}},"766":{"start":{"line":1850,"column":4},"end":{"line":1942,"column":null}},"767":{"start":{"line":1851,"column":24},"end":{"line":1851,"column":38}},"768":{"start":{"line":1852,"column":25},"end":{"line":1852,"column":36}},"769":{"start":{"line":1853,"column":25},"end":{"line":1853,"column":39}},"770":{"start":{"line":1854,"column":101},"end":{"line":1854,"column":103}},"771":{"start":{"line":1857,"column":8},"end":{"line":1857,"column":null}},"772":{"start":{"line":1857,"column":42},"end":{"line":1857,"column":null}},"773":{"start":{"line":1859,"column":24},"end":{"line":1859,"column":70}},"774":{"start":{"line":1861,"column":8},"end":{"line":1898,"column":null}},"775":{"start":{"line":1862,"column":10},"end":{"line":1862,"column":null}},"776":{"start":{"line":1862,"column":44},"end":{"line":1862,"column":null}},"777":{"start":{"line":1863,"column":10},"end":{"line":1863,"column":null}},"778":{"start":{"line":1863,"column":42},"end":{"line":1863,"column":null}},"779":{"start":{"line":1865,"column":27},"end":{"line":1865,"column":53}},"780":{"start":{"line":1867,"column":10},"end":{"line":1897,"column":null}},"781":{"start":{"line":1868,"column":12},"end":{"line":1868,"column":null}},"782":{"start":{"line":1869,"column":17},"end":{"line":1897,"column":null}},"783":{"start":{"line":1870,"column":12},"end":{"line":1896,"column":null}},"784":{"start":{"line":1871,"column":30},"end":{"line":1871,"column":66}},"785":{"start":{"line":1872,"column":29},"end":{"line":1872,"column":54}},"786":{"start":{"line":1874,"column":14},"end":{"line":1893,"column":null}},"787":{"start":{"line":1875,"column":33},"end":{"line":1875,"column":68}},"788":{"start":{"line":1876,"column":36},"end":{"line":1876,"column":74}},"789":{"start":{"line":1876,"column":53},"end":{"line":1876,"column":73}},"790":{"start":{"line":1878,"column":32},"end":{"line":1880,"column":42}},"791":{"start":{"line":1882,"column":16},"end":{"line":1892,"column":null}},"792":{"start":{"line":1883,"column":39},"end":{"line":1883,"column":74}},"793":{"start":{"line":1884,"column":32},"end":{"line":1884,"column":89}},"794":{"start":{"line":1886,"column":18},"end":{"line":1891,"column":null}},"795":{"start":{"line":1901,"column":6},"end":{"line":1901,"column":null}},"796":{"start":{"line":1903,"column":6},"end":{"line":1910,"column":null}},"797":{"start":{"line":1904,"column":8},"end":{"line":1909,"column":null}},"798":{"start":{"line":1913,"column":6},"end":{"line":1913,"column":null}},"799":{"start":{"line":1913,"column":29},"end":{"line":1913,"column":72}},"800":{"start":{"line":1915,"column":25},"end":{"line":1915,"column":110}},"801":{"start":{"line":1916,"column":6},"end":{"line":1916,"column":null}},"802":{"start":{"line":1918,"column":6},"end":{"line":1926,"column":null}},"803":{"start":{"line":1919,"column":8},"end":{"line":1919,"column":null}},"804":{"start":{"line":1920,"column":8},"end":{"line":1920,"column":null}},"805":{"start":{"line":1921,"column":8},"end":{"line":1921,"column":null}},"806":{"start":{"line":1922,"column":8},"end":{"line":1924,"column":null}},"807":{"start":{"line":1923,"column":10},"end":{"line":1923,"column":null}},"808":{"start":{"line":1925,"column":8},"end":{"line":1925,"column":null}},"809":{"start":{"line":1928,"column":6},"end":{"line":1933,"column":null}},"810":{"start":{"line":1935,"column":6},"end":{"line":1941,"column":null}},"811":{"start":{"line":1947,"column":0},"end":{"line":1997,"column":null}},"812":{"start":{"line":1954,"column":4},"end":{"line":1995,"column":null}},"813":{"start":{"line":1956,"column":23},"end":{"line":1956,"column":48}},"814":{"start":{"line":1958,"column":24},"end":{"line":1958,"column":69}},"815":{"start":{"line":1960,"column":6},"end":{"line":1967,"column":null}},"816":{"start":{"line":1961,"column":8},"end":{"line":1966,"column":null}},"817":{"start":{"line":1970,"column":6},"end":{"line":1970,"column":null}},"818":{"start":{"line":1970,"column":31},"end":{"line":1970,"column":56}},"819":{"start":{"line":1972,"column":25},"end":{"line":1972,"column":61}},"820":{"start":{"line":1973,"column":6},"end":{"line":1973,"column":null}},"821":{"start":{"line":1975,"column":6},"end":{"line":1979,"column":null}},"822":{"start":{"line":1976,"column":8},"end":{"line":1976,"column":null}},"823":{"start":{"line":1977,"column":8},"end":{"line":1977,"column":null}},"824":{"start":{"line":1978,"column":8},"end":{"line":1978,"column":null}},"825":{"start":{"line":1981,"column":6},"end":{"line":1986,"column":null}},"826":{"start":{"line":1988,"column":6},"end":{"line":1994,"column":null}},"827":{"start":{"line":2000,"column":0},"end":{"line":2086,"column":null}},"828":{"start":{"line":2007,"column":4},"end":{"line":2084,"column":null}},"829":{"start":{"line":2008,"column":26},"end":{"line":2008,"column":63}},"830":{"start":{"line":2010,"column":6},"end":{"line":2017,"column":null}},"831":{"start":{"line":2011,"column":8},"end":{"line":2016,"column":null}},"832":{"start":{"line":2019,"column":26},"end":{"line":2019,"column":93}},"833":{"start":{"line":2019,"column":60},"end":{"line":2019,"column":89}},"834":{"start":{"line":2020,"column":25},"end":{"line":2020,"column":50}},"835":{"start":{"line":2021,"column":6},"end":{"line":2021,"column":null}},"836":{"start":{"line":2024,"column":6},"end":{"line":2024,"column":null}},"837":{"start":{"line":2024,"column":33},"end":{"line":2024,"column":76}},"838":{"start":{"line":2026,"column":23},"end":{"line":2026,"column":24}},"839":{"start":{"line":2027,"column":6},"end":{"line":2061,"column":null}},"840":{"start":{"line":2028,"column":8},"end":{"line":2028,"column":null}},"841":{"start":{"line":2029,"column":8},"end":{"line":2029,"column":null}},"842":{"start":{"line":2030,"column":8},"end":{"line":2030,"column":null}},"843":{"start":{"line":2031,"column":8},"end":{"line":2033,"column":null}},"844":{"start":{"line":2032,"column":10},"end":{"line":2032,"column":null}},"845":{"start":{"line":2034,"column":8},"end":{"line":2034,"column":null}},"846":{"start":{"line":2037,"column":8},"end":{"line":2060,"column":null}},"847":{"start":{"line":2038,"column":27},"end":{"line":2038,"column":63}},"848":{"start":{"line":2039,"column":10},"end":{"line":2059,"column":null}},"849":{"start":{"line":2040,"column":26},"end":{"line":2040,"column":62}},"850":{"start":{"line":2041,"column":12},"end":{"line":2054,"column":null}},"851":{"start":{"line":2043,"column":34},"end":{"line":2043,"column":77}},"852":{"start":{"line":2046,"column":14},"end":{"line":2049,"column":null}},"853":{"start":{"line":2050,"column":14},"end":{"line":2053,"column":null}},"854":{"start":{"line":2055,"column":12},"end":{"line":2055,"column":null}},"855":{"start":{"line":2056,"column":12},"end":{"line":2056,"column":null}},"856":{"start":{"line":2063,"column":6},"end":{"line":2068,"column":null}},"857":{"start":{"line":2064,"column":8},"end":{"line":2064,"column":null}},"858":{"start":{"line":2065,"column":8},"end":{"line":2065,"column":null}},"859":{"start":{"line":2067,"column":8},"end":{"line":2067,"column":null}},"860":{"start":{"line":2070,"column":6},"end":{"line":2075,"column":null}},"861":{"start":{"line":2077,"column":6},"end":{"line":2083,"column":null}},"862":{"start":{"line":2089,"column":0},"end":{"line":2200,"column":null}},"863":{"start":{"line":2098,"column":4},"end":{"line":2198,"column":null}},"864":{"start":{"line":2099,"column":32},"end":{"line":2099,"column":53}},"865":{"start":{"line":2100,"column":23},"end":{"line":2100,"column":58}},"866":{"start":{"line":2101,"column":24},"end":{"line":2101,"column":46}},"867":{"start":{"line":2102,"column":22},"end":{"line":2102,"column":51}},"868":{"start":{"line":2103,"column":26},"end":{"line":2103,"column":41}},"869":{"start":{"line":2104,"column":26},"end":{"line":2104,"column":59}},"870":{"start":{"line":2105,"column":30},"end":{"line":2105,"column":76}},"871":{"start":{"line":2108,"column":6},"end":{"line":2116,"column":null}},"872":{"start":{"line":2109,"column":8},"end":{"line":2115,"column":null}},"873":{"start":{"line":2119,"column":6},"end":{"line":2129,"column":null}},"874":{"start":{"line":2120,"column":8},"end":{"line":2120,"column":null}},"875":{"start":{"line":2122,"column":8},"end":{"line":2128,"column":null}},"876":{"start":{"line":2132,"column":6},"end":{"line":2143,"column":null}},"877":{"start":{"line":2133,"column":8},"end":{"line":2133,"column":null}},"878":{"start":{"line":2134,"column":8},"end":{"line":2140,"column":null}},"879":{"start":{"line":2146,"column":6},"end":{"line":2146,"column":null}},"880":{"start":{"line":2149,"column":6},"end":{"line":2160,"column":null}},"881":{"start":{"line":2150,"column":24},"end":{"line":2150,"column":63}},"882":{"start":{"line":2151,"column":23},"end":{"line":2151,"column":48}},"883":{"start":{"line":2152,"column":8},"end":{"line":2157,"column":null}},"884":{"start":{"line":2153,"column":10},"end":{"line":2153,"column":null}},"885":{"start":{"line":2153,"column":86},"end":{"line":2153,"column":101}},"886":{"start":{"line":2154,"column":26},"end":{"line":2154,"column":90}},"887":{"start":{"line":2155,"column":29},"end":{"line":2155,"column":67}},"888":{"start":{"line":2156,"column":10},"end":{"line":2156,"column":null}},"889":{"start":{"line":2163,"column":25},"end":{"line":2163,"column":26}},"890":{"start":{"line":2164,"column":6},"end":{"line":2174,"column":null}},"891":{"start":{"line":2165,"column":26},"end":{"line":2165,"column":70}},"892":{"start":{"line":2167,"column":8},"end":{"line":2173,"column":null}},"893":{"start":{"line":2168,"column":31},"end":{"line":2168,"column":71}},"894":{"start":{"line":2169,"column":10},"end":{"line":2169,"column":53}},"895":{"start":{"line":2169,"column":44},"end":{"line":2169,"column":53}},"896":{"start":{"line":2171,"column":26},"end":{"line":2171,"column":85}},"897":{"start":{"line":2172,"column":10},"end":{"line":2172,"column":null}},"898":{"start":{"line":2172,"column":23},"end":{"line":2172,"column":null}},"899":{"start":{"line":2177,"column":6},"end":{"line":2177,"column":null}},"900":{"start":{"line":2179,"column":25},"end":{"line":2179,"column":68}},"901":{"start":{"line":2180,"column":6},"end":{"line":2182,"column":null}},"902":{"start":{"line":2181,"column":8},"end":{"line":2181,"column":null}},"903":{"start":{"line":2184,"column":6},"end":{"line":2189,"column":null}},"904":{"start":{"line":2191,"column":6},"end":{"line":2197,"column":null}},"905":{"start":{"line":2203,"column":0},"end":{"line":2331,"column":null}},"906":{"start":{"line":2212,"column":4},"end":{"line":2329,"column":null}},"907":{"start":{"line":2213,"column":25},"end":{"line":2213,"column":58}},"908":{"start":{"line":2214,"column":23},"end":{"line":2214,"column":44}},"909":{"start":{"line":2215,"column":25},"end":{"line":2215,"column":63}},"910":{"start":{"line":2216,"column":23},"end":{"line":2216,"column":54}},"911":{"start":{"line":2217,"column":23},"end":{"line":2217,"column":50}},"912":{"start":{"line":2220,"column":6},"end":{"line":2228,"column":null}},"913":{"start":{"line":2221,"column":8},"end":{"line":2227,"column":null}},"914":{"start":{"line":2231,"column":6},"end":{"line":2239,"column":null}},"915":{"start":{"line":2232,"column":8},"end":{"line":2238,"column":null}},"916":{"start":{"line":2242,"column":6},"end":{"line":2252,"column":null}},"917":{"start":{"line":2243,"column":8},"end":{"line":2243,"column":null}},"918":{"start":{"line":2245,"column":8},"end":{"line":2251,"column":null}},"919":{"start":{"line":2255,"column":6},"end":{"line":2266,"column":null}},"920":{"start":{"line":2256,"column":8},"end":{"line":2256,"column":null}},"921":{"start":{"line":2257,"column":8},"end":{"line":2263,"column":null}},"922":{"start":{"line":2269,"column":6},"end":{"line":2269,"column":null}},"923":{"start":{"line":2272,"column":6},"end":{"line":2272,"column":null}},"924":{"start":{"line":2275,"column":25},"end":{"line":2275,"column":26}},"925":{"start":{"line":2276,"column":6},"end":{"line":2305,"column":null}},"926":{"start":{"line":2278,"column":26},"end":{"line":2278,"column":71}},"927":{"start":{"line":2283,"column":30},"end":{"line":2283,"column":50}},"928":{"start":{"line":2284,"column":30},"end":{"line":2284,"column":41}},"929":{"start":{"line":2286,"column":8},"end":{"line":2304,"column":null}},"930":{"start":{"line":2287,"column":31},"end":{"line":2287,"column":71}},"931":{"start":{"line":2288,"column":10},"end":{"line":2303,"column":null}},"932":{"start":{"line":2289,"column":28},"end":{"line":2289,"column":68}},"933":{"start":{"line":2291,"column":32},"end":{"line":2291,"column":97}},"934":{"start":{"line":2292,"column":32},"end":{"line":2292,"column":62}},"935":{"start":{"line":2294,"column":12},"end":{"line":2300,"column":null}},"936":{"start":{"line":2295,"column":37},"end":{"line":2297,"column":128}},"937":{"start":{"line":2298,"column":14},"end":{"line":2298,"column":null}},"938":{"start":{"line":2299,"column":14},"end":{"line":2299,"column":null}},"939":{"start":{"line":2308,"column":6},"end":{"line":2308,"column":null}},"940":{"start":{"line":2310,"column":25},"end":{"line":2310,"column":72}},"941":{"start":{"line":2311,"column":6},"end":{"line":2313,"column":null}},"942":{"start":{"line":2312,"column":8},"end":{"line":2312,"column":null}},"943":{"start":{"line":2315,"column":6},"end":{"line":2320,"column":null}},"944":{"start":{"line":2322,"column":6},"end":{"line":2328,"column":null}},"945":{"start":{"line":2335,"column":20},"end":{"line":2335,"column":46}},"946":{"start":{"line":2336,"column":2},"end":{"line":2336,"column":null}},"947":{"start":{"line":2337,"column":2},"end":{"line":2337,"column":null}},"948":{"start":{"line":2340,"column":0},"end":{"line":2343,"column":null}},"949":{"start":{"line":2341,"column":2},"end":{"line":2341,"column":null}},"950":{"start":{"line":2342,"column":2},"end":{"line":2342,"column":null}},"951":{"start":{"line":11,"column":19},"end":{"line":12,"column":null}},"952":{"start":{"line":28,"column":18},"end":{"line":28,"column":null}},"953":{"start":{"line":29,"column":22},"end":{"line":29,"column":null}},"954":{"start":{"line":61,"column":23},"end":{"line":61,"column":null}},"955":{"start":{"line":86,"column":19},"end":{"line":86,"column":null}},"956":{"start":{"line":87,"column":15},"end":{"line":87,"column":null}},"957":{"start":{"line":103,"column":2},"end":{"line":109,"column":null}},"958":{"start":{"line":106,"column":2},"end":{"line":109,"column":null}},"959":{"start":{"line":115,"column":2},"end":{"line":120,"column":null}},"960":{"start":{"line":117,"column":2},"end":{"line":120,"column":null}},"961":{"start":{"line":126,"column":2},"end":{"line":147,"column":null}},"962":{"start":{"line":129,"column":2},"end":{"line":147,"column":null}},"963":{"start":{"line":132,"column":2},"end":{"line":147,"column":null}},"964":{"start":{"line":135,"column":2},"end":{"line":147,"column":null}},"965":{"start":{"line":138,"column":2},"end":{"line":147,"column":null}},"966":{"start":{"line":141,"column":2},"end":{"line":147,"column":null}},"967":{"start":{"line":144,"column":2},"end":{"line":147,"column":null}},"968":{"start":{"line":150,"column":20},"end":{"line":150,"column":null}},"969":{"start":{"line":152,"column":20},"end":{"line":152,"column":null}},"970":{"start":{"line":154,"column":18},"end":{"line":154,"column":null}},"971":{"start":{"line":155,"column":16},"end":{"line":155,"column":null}},"972":{"start":{"line":156,"column":17},"end":{"line":156,"column":null}},"973":{"start":{"line":164,"column":15},"end":{"line":164,"column":null}},"974":{"start":{"line":165,"column":23},"end":{"line":165,"column":null}},"975":{"start":{"line":194,"column":16},"end":{"line":194,"column":null}},"976":{"start":{"line":200,"column":24},"end":{"line":200,"column":null}},"977":{"start":{"line":201,"column":17},"end":{"line":201,"column":null}},"978":{"start":{"line":209,"column":17},"end":{"line":209,"column":null}},"979":{"start":{"line":220,"column":23},"end":{"line":220,"column":null}},"980":{"start":{"line":221,"column":23},"end":{"line":221,"column":null}},"981":{"start":{"line":231,"column":22},"end":{"line":231,"column":null}},"982":{"start":{"line":233,"column":22},"end":{"line":233,"column":null}},"983":{"start":{"line":234,"column":20},"end":{"line":234,"column":null}},"984":{"start":{"line":235,"column":18},"end":{"line":235,"column":null}},"985":{"start":{"line":236,"column":19},"end":{"line":236,"column":null}},"986":{"start":{"line":237,"column":28},"end":{"line":237,"column":null}},"987":{"start":{"line":256,"column":20},"end":{"line":256,"column":null}},"988":{"start":{"line":261,"column":23},"end":{"line":261,"column":null}},"989":{"start":{"line":262,"column":27},"end":{"line":262,"column":null}},"990":{"start":{"line":270,"column":6},"end":{"line":296,"column":null}},"991":{"start":{"line":274,"column":26},"end":{"line":274,"column":null}},"992":{"start":{"line":279,"column":26},"end":{"line":279,"column":null}},"993":{"start":{"line":280,"column":25},"end":{"line":280,"column":null}},"994":{"start":{"line":286,"column":25},"end":{"line":286,"column":null}},"995":{"start":{"line":306,"column":14},"end":{"line":306,"column":null}},"996":{"start":{"line":307,"column":17},"end":{"line":307,"column":null}},"997":{"start":{"line":308,"column":19},"end":{"line":308,"column":null}},"998":{"start":{"line":309,"column":20},"end":{"line":309,"column":null}},"999":{"start":{"line":310,"column":19},"end":{"line":310,"column":null}},"1000":{"start":{"line":328,"column":24},"end":{"line":328,"column":null}},"1001":{"start":{"line":329,"column":26},"end":{"line":329,"column":null}},"1002":{"start":{"line":342,"column":79},"end":{"line":342,"column":null}},"1003":{"start":{"line":343,"column":22},"end":{"line":343,"column":null}},"1004":{"start":{"line":346,"column":20},"end":{"line":346,"column":null}},"1005":{"start":{"line":351,"column":23},"end":{"line":351,"column":null}},"1006":{"start":{"line":355,"column":6},"end":{"line":378,"column":null}},"1007":{"start":{"line":357,"column":26},"end":{"line":357,"column":null}},"1008":{"start":{"line":358,"column":24},"end":{"line":358,"column":null}},"1009":{"start":{"line":359,"column":32},"end":{"line":362,"column":null}},"1010":{"start":{"line":360,"column":12},"end":{"line":361,"column":null}},"1011":{"start":{"line":365,"column":27},"end":{"line":365,"column":null}},"1012":{"start":{"line":366,"column":33},"end":{"line":366,"column":null}},"1013":{"start":{"line":367,"column":26},"end":{"line":367,"column":null}},"1014":{"start":{"line":393,"column":20},"end":{"line":393,"column":null}},"1015":{"start":{"line":394,"column":21},"end":{"line":394,"column":null}},"1016":{"start":{"line":398,"column":26},"end":{"line":401,"column":null}},"1017":{"start":{"line":403,"column":18},"end":{"line":403,"column":null}},"1018":{"start":{"line":404,"column":23},"end":{"line":408,"column":null}},"1019":{"start":{"line":406,"column":22},"end":{"line":406,"column":null}},"1020":{"start":{"line":422,"column":20},"end":{"line":422,"column":null}},"1021":{"start":{"line":425,"column":20},"end":{"line":425,"column":null}},"1022":{"start":{"line":430,"column":23},"end":{"line":430,"column":null}},"1023":{"start":{"line":434,"column":6},"end":{"line":440,"column":null}},"1024":{"start":{"line":436,"column":29},"end":{"line":436,"column":null}},"1025":{"start":{"line":437,"column":25},"end":{"line":437,"column":null}},"1026":{"start":{"line":450,"column":22},"end":{"line":450,"column":null}},"1027":{"start":{"line":454,"column":19},"end":{"line":454,"column":null}},"1028":{"start":{"line":462,"column":21},"end":{"line":462,"column":null}},"1029":{"start":{"line":463,"column":91},"end":{"line":463,"column":null}},"1030":{"start":{"line":466,"column":20},"end":{"line":466,"column":null}},"1031":{"start":{"line":471,"column":23},"end":{"line":471,"column":null}},"1032":{"start":{"line":475,"column":6},"end":{"line":495,"column":null}},"1033":{"start":{"line":477,"column":26},"end":{"line":477,"column":null}},"1034":{"start":{"line":478,"column":24},"end":{"line":478,"column":null}},"1035":{"start":{"line":479,"column":30},"end":{"line":479,"column":null}},"1036":{"start":{"line":482,"column":27},"end":{"line":482,"column":null}},"1037":{"start":{"line":483,"column":33},"end":{"line":483,"column":null}},"1038":{"start":{"line":484,"column":26},"end":{"line":484,"column":null}},"1039":{"start":{"line":509,"column":16},"end":{"line":509,"column":null}},"1040":{"start":{"line":517,"column":28},"end":{"line":517,"column":null}},"1041":{"start":{"line":518,"column":16},"end":{"line":518,"column":null}},"1042":{"start":{"line":522,"column":18},"end":{"line":522,"column":null}},"1043":{"start":{"line":524,"column":32},"end":{"line":524,"column":null}},"1044":{"start":{"line":525,"column":24},"end":{"line":525,"column":null}},"1045":{"start":{"line":526,"column":19},"end":{"line":526,"column":null}},"1046":{"start":{"line":529,"column":21},"end":{"line":529,"column":null}},"1047":{"start":{"line":532,"column":25},"end":{"line":532,"column":null}},"1048":{"start":{"line":533,"column":19},"end":{"line":533,"column":null}},"1049":{"start":{"line":536,"column":19},"end":{"line":536,"column":null}},"1050":{"start":{"line":553,"column":15},"end":{"line":557,"column":null}},"1051":{"start":{"line":570,"column":20},"end":{"line":570,"column":null}},"1052":{"start":{"line":579,"column":24},"end":{"line":579,"column":null}},"1053":{"start":{"line":580,"column":23},"end":{"line":580,"column":null}},"1054":{"start":{"line":583,"column":25},"end":{"line":585,"column":null}},"1055":{"start":{"line":625,"column":27},"end":{"line":625,"column":null}},"1056":{"start":{"line":626,"column":25},"end":{"line":626,"column":null}},"1057":{"start":{"line":642,"column":23},"end":{"line":645,"column":null}},"1058":{"start":{"line":647,"column":23},"end":{"line":647,"column":null}},"1059":{"start":{"line":650,"column":12},"end":{"line":650,"column":null}},"1060":{"start":{"line":651,"column":24},"end":{"line":651,"column":null}},"1061":{"start":{"line":652,"column":26},"end":{"line":655,"column":null}},"1062":{"start":{"line":659,"column":26},"end":{"line":659,"column":null}},"1063":{"start":{"line":718,"column":25},"end":{"line":718,"column":null}},"1064":{"start":{"line":719,"column":25},"end":{"line":719,"column":null}},"1065":{"start":{"line":720,"column":79},"end":{"line":720,"column":null}},"1066":{"start":{"line":721,"column":25},"end":{"line":721,"column":null}},"1067":{"start":{"line":727,"column":24},"end":{"line":727,"column":null}},"1068":{"start":{"line":732,"column":27},"end":{"line":732,"column":null}},"1069":{"start":{"line":739,"column":10},"end":{"line":771,"column":null}},"1070":{"start":{"line":740,"column":28},"end":{"line":740,"column":null}},"1071":{"start":{"line":741,"column":33},"end":{"line":741,"column":null}},"1072":{"start":{"line":744,"column":36},"end":{"line":744,"column":null}},"1073":{"start":{"line":745,"column":35},"end":{"line":745,"column":null}},"1074":{"start":{"line":749,"column":39},"end":{"line":749,"column":null}},"1075":{"start":{"line":750,"column":28},"end":{"line":750,"column":null}},"1076":{"start":{"line":753,"column":28},"end":{"line":753,"column":null}},"1077":{"start":{"line":755,"column":30},"end":{"line":755,"column":null}},"1078":{"start":{"line":756,"column":30},"end":{"line":756,"column":null}},"1079":{"start":{"line":757,"column":28},"end":{"line":757,"column":null}},"1080":{"start":{"line":788,"column":25},"end":{"line":790,"column":null}},"1081":{"start":{"line"
[...]
9:78":498,"s:1122:34:1122:75":499,"s:1123:14:1123:Infinity":500,"s:1126:29:1126:67":501,"s:1129:33:1129:38":502,"b:1130:14:1136:Infinity:undefined:undefined:undefined:undefined":165,"s:1130:14:1136:Infinity":503,"s:1131:37:1131:50":504,"s:1132:16:1132:Infinity":505,"b:1133:16:1135:Infinity:undefined:undefined:undefined:undefined":166,"s:1133:16:1135:Infinity":506,"s:1134:18:1134:Infinity":507,"s:1139:30:1139:84":508,"s:1140:33:1140:64":509,"b:1143:14:1146:Infinity:undefined:undefined:undefined:undefined":167,"s:1143:14:1146:Infinity":510,"s:1144:16:1144:Infinity":511,"s:1145:16:1145:Infinity":512,"s:1149:46:1149:48":513,"b:1150:14:1150:Infinity:undefined:undefined:undefined:undefined":168,"s:1150:14:1150:Infinity":514,"s:1150:27:1150:Infinity":515,"b:1151:14:1154:Infinity:undefined:undefined:undefined:undefined":169,"s:1151:14:1154:Infinity":516,"s:1152:16:1152:Infinity":517,"s:1153:16:1153:Infinity":518,"b:1155:14:1157:Infinity:undefined:undefined:undefined:undefined":170,"s:1155:14:1157:Infinity":519,"s:1156:16:1156:Infinity":520,"s:1159:14:1159:Infinity":521,"b:1159:47:1159:71:1159:75:1159:93":171,"b:1162:14:1164:Infinity:undefined:undefined:undefined:undefined":172,"s:1162:14:1164:Infinity":522,"s:1163:16:1163:Infinity":523,"s:1165:14:1165:Infinity":524,"s:1168:14:1168:Infinity":525,"b:1168:69:1168:82:1168:85:1168:100":173,"s:1174:6:1174:Infinity":526,"s:1177:20:1177:84":527,"b:1177:54:1177:65:1177:68:1177:78":174,"b:1178:6:1180:Infinity:undefined:undefined:undefined:undefined":175,"s:1178:6:1180:Infinity":528,"s:1179:8:1179:Infinity":529,"s:1181:6:1181:Infinity":530,"s:1182:6:1182:Infinity":531,"b:1182:35:1182:49:1182:52:1182:62":176,"s:1183:6:1183:Infinity":532,"b:1184:6:1186:Infinity:undefined:undefined:undefined:undefined":177,"s:1184:6:1186:Infinity":533,"s:1185:8:1185:Infinity":534,"b:1188:6:1199:Infinity:1193:13:1199:Infinity":178,"s:1188:6:1199:Infinity":535,"b:1188:10:1188:28:1188:32:1188:52":179,"s:1189:8:1189:Infinity":536,"b:1189:39:1189:61:1189:64:1189:80":180,"s:1190:8:1192:Infinity":537,"f:1190:24:1190:25":56,"s:1191:10:1191:Infinity":538,"b:1193:13:1199:Infinity:undefined:undefined:undefined:undefined":181,"s:1193:13:1199:Infinity":539,"s:1194:8:1194:Infinity":540,"b:1194:39:1194:61:1194:64:1194:80":182,"s:1195:8:1197:Infinity":541,"f:1195:37:1195:38":57,"s:1196:10:1196:Infinity":542,"s:1198:8:1198:Infinity":543,"b:1201:6:1209:Infinity:undefined:undefined:undefined:undefined":183,"s:1201:6:1209:Infinity":544,"s:1202:8:1202:Infinity":545,"s:1203:8:1205:Infinity":546,"f:1203:35:1203:36":58,"s:1204:10:1204:Infinity":547,"b:1206:8:1208:Infinity:undefined:undefined:undefined:undefined":184,"s:1206:8:1208:Infinity":548,"s:1207:10:1207:Infinity":549,"b:1211:6:1213:Infinity:undefined:undefined:undefined:undefined":185,"s:1211:6:1213:Infinity":550,"b:1211:10:1211:18:1211:22:1211:34":186,"s:1212:8:1212:Infinity":551,"b:1216:6:1218:Infinity:undefined:undefined:undefined:undefined":187,"s:1216:6:1218:Infinity":552,"b:1216:10:1216:19:1216:23:1216:35":188,"s:1217:8:1217:Infinity":553,"s:1220:6:1225:Infinity":554,"s:1227:6:1233:Infinity":555,"b:1230:67:1230:80:1230:83:1230:98":189,"s:1239:0:1308:Infinity":556,"f:1245:2:1245:7":59,"s:1246:4:1306:Infinity":557,"s:1247:23:1247:58":558,"b:1250:6:1258:Infinity:undefined:undefined:undefined:undefined":190,"s:1250:6:1258:Infinity":559,"s:1251:8:1257:Infinity":560,"s:1261:22:1261:58":561,"s:1262:21:1262:46":562,"s:1265:20:1265:43":563,"s:1267:25:1267:45":564,"b:1269:6:1278:Infinity:1275:13:1278:Infinity":191,"s:1269:6:1278:Infinity":565,"s:1270:8:1270:Infinity":566,"s:1271:8:1271:Infinity":567,"s:1272:8:1272:Infinity":568,"s:1273:8:1273:Infinity":569,"s:1274:8:1274:Infinity":570,"s:1276:8:1276:Infinity":571,"s:1277:8:1277:Infinity":572,"s:1280:6:1280:Infinity":573,"s:1282:6:1287:Infinity":574,"s:1289:22:1289:78":575,"b:1289:47:1289:60:1289:63:1289:78":192,"b:1290:6:1298:Infinity:undefined:undefined:undefined:undefined":193,"s:1290:6:1298:Infinity":576,"s:1291:8:1297:Infinity":577,"s:1299:6:1305:Infinity":578,"s:1311:0:1406:Infinity":579,"f:1320:2:1320:7":60,"s:1321:4:1404:Infinity":580,"s:1322:27:1322:42":581,"b:1322:27:1322:33:1322:37:1322:42":194,"s:1324:20:1324:22":582,"s:1325:6:1334:Infinity":583,"s:1326:8:1326:Infinity":584,"s:1328:8:1333:Infinity":585,"s:1336:18:1336:37":586,"b:1339:6:1343:Infinity:1341:13:1343:Infinity":195,"s:1339:6:1343:Infinity":587,"s:1340:8:1340:Infinity":588,"f:1340:29:1340:30":61,"s:1340:34:1340:46":589,"b:1341:13:1343:Infinity:undefined:undefined:undefined:undefined":196,"s:1341:13:1343:Infinity":590,"s:1342:8:1342:Infinity":591,"f:1342:29:1342:30":62,"s:1342:34:1342:45":592,"b:1345:6:1347:Infinity:undefined:undefined:undefined:undefined":197,"s:1345:6:1347:Infinity":593,"s:1346:8:1346:Infinity":594,"f:1346:29:1346:30":63,"s:1346:34:1346:54":595,"b:1349:6:1361:Infinity:undefined:undefined:undefined:undefined":198,"s:1349:6:1361:Infinity":596,"s:1350:22:1350:38":597,"b:1351:8:1354:Infinity:undefined:undefined:undefined:undefined":199,"s:1351:8:1354:Infinity":598,"b:1351:12:1351:34:1351:38:1351:41":200,"s:1352:10:1352:Infinity":599,"b:1353:10:1353:Infinity:undefined:undefined:undefined:undefined":201,"s:1353:10:1353:Infinity":600,"s:1353:19:1353:Infinity":601,"s:1355:8:1360:Infinity":602,"s:1364:22:1364:53":603,"f:1364:35:1364:36":64,"s:1364:40:1364:52":604,"s:1365:24:1365:54":605,"f:1365:37:1365:38":65,"s:1365:42:1365:53":606,"s:1367:25:1367:63":607,"b:1369:6:1377:Infinity:undefined:undefined:undefined:undefined":202,"s:1369:6:1377:Infinity":608,"b:1369:10:1369:28:1369:32:1369:60":203,"s:1370:8:1370:Infinity":609,"s:1371:8:1375:Infinity":610,"f:1371:24:1371:28":66,"s:1372:28:1372:52":611,"s:1373:25:1373:98":612,"b:1373:48:1373:93:1373:96:1373:98":204,"f:1373:67:1373:68":67,"s:1373:72:1373:79":613,"s:1374:10:1374:Infinity":614,"s:1376:8:1376:Infinity":615,"b:1379:6:1386:Infinity:undefined:undefined:undefined:undefined":205,"s:1379:6:1386:Infinity":616,"b:1379:10:1379:30:1379:34:1379:60":206,"s:1380:8:1380:Infinity":617,"s:1381:8:1385:Infinity":618,"f:1381:26:1381:30":68,"s:1382:28:1382:52":619,"s:1383:25:1383:98":620,"b:1383:48:1383:93:1383:96:1383:98":207,"f:1383:67:1383:68":69,"s:1383:72:1383:79":621,"s:1384:10:1384:Infinity":622,"s:1388:6:1388:Infinity":623,"s:1390:6:1395:Infinity":624,"s:1397:6:1403:Infinity":625,"b:1400:65:1400:78:1400:81:1400:96":208,"s:1409:0:1526:Infinity":626,"f:1418:2:1418:7":70,"s:1419:4:1524:Infinity":627,"b:1420:6:1428:Infinity:undefined:undefined:undefined:undefined":209,"s:1420:6:1428:Infinity":628,"b:1420:10:1420:13:1420:17:1420:22":210,"s:1421:8:1427:Infinity":629,"s:1430:20:1430:22":630,"s:1431:6:1441:Infinity":631,"s:1432:8:1432:Infinity":632,"s:1434:8:1440:Infinity":633,"s:1443:20:1443:39":634,"b:1446:6:1480:Infinity:1457:13:1480:Infinity":211,"s:1446:6:1480:Infinity":635,"s:1447:8:1447:Infinity":636,"f:1447:32:1447:33":71,"s:1447:37:1447:48":637,"b:1448:8:1456:Infinity:undefined:undefined:undefined:undefined":212,"s:1448:8:1456:Infinity":638,"s:1449:10:1455:Infinity":639,"b:1457:13:1480:Infinity:undefined:undefined:undefined:undefined":213,"s:1457:13:1480:Infinity":640,"s:1458:26:1458:44":641,"s:1459:24:1459:83":642,"f:1459:37:1459:38":72,"s:1459:42:1459:82":643,"b:1460:8:1468:Infinity:undefined:undefined:undefined:undefined":214,"s:1460:8:1468:Infinity":644,"s:1461:10:1467:Infinity":645,"b:1469:8:1478:Infinity:undefined:undefined:undefined:undefined":215,"s:1469:8:1478:Infinity":646,"s:1470:28:1470:77":647,"f:1470:40:1470:41":73,"s:1470:45:1470:65":648,"s:1471:10:1477:Infinity":649,"s:1479:8:1479:Infinity":650,"b:1482:6:1490:Infinity:undefined:undefined:undefined:undefined":216,"s:1482:6:1490:Infinity":651,"s:1483:8:1489:Infinity":652,"b:1492:6:1499:Infinity:undefined:undefined:undefined:undefined":217,"s:1492:6:1499:Infinity":653,"s:1493:8:1498:Infinity":654,"s:1502:20:1502:39":655,"s:1503:24:1503:43":656,"s:1506:6:1506:Infinity":657,"s:1508:6:1508:Infinity":658,"s:1510:6:1515:Infinity":659,"s:1517:6:1523:Infinity":660,"b:1520:67:1520:80:1520:83:1520:98":218,"s:1529:0:1627:Infinity":661,"f:1539:2:1539:7":74,"s:1540:4:1625:Infinity":662,"s:1541:23:1541:58":663,"b:1544:6:1552:Infinity:undefined:undefined:undefined:undefined":219,"s:1544:6:1552:Infinity":664,"s:1545:8:1551:Infinity":665,"s:1556:6:1566:Infinity":666,"s:1557:8:1557:Infinity":667,"s:1559:8:1565:Infinity":668,"s:1568:21:1568:50":669,"s:1569:24:1569:49":670,"b:1569:24:1569:43:1569:47:1569:49":220,"s:1570:17:1570:44":671,"b:1570:17:1570:29:1570:33:1570:44":221,"s:1572:32:1572:34":672,"b:1575:6:1578:Infinity:undefined:undefined:undefined:undefined":222,"s:1575:6:1578:Infinity":673,"s:1576:8:1576:Infinity":674,"s:1577:8:1577:Infinity":675,"b:1581:6:1584:Infinity:undefined:undefined:undefined:undefined":223,"s:1581:6:1584:Infinity":676,"s:1582:8:1582:Infinity":677,"s:1583:8:1583:Infinity":678,"b:1587:6:1592:Infinity:undefined:undefined:undefined:undefined":224,"s:1587:6:1592:Infinity":679,"b:1587:10:1587:14:1587:18:1587:33":225,"s:1588:29:1588:60":680,"b:1588:37:1588:53:1588:57:1588:59":226,"s:1589:8:1589:Infinity":681,"f:1589:21:1589:22":75,"s:1589:26:1589:45":682,"s:1590:8:1590:Infinity":683,"s:1591:8:1591:Infinity":684,"b:1595:6:1600:Infinity:undefined:undefined:undefined:undefined":227,"s:1595:6:1600:Infinity":685,"s:1596:8:1599:Infinity":686,"f:1596:43:1596:44":76,"s:1597:10:1597:Infinity":687,"s:1598:10:1598:Infinity":688,"s:1603:22:1603:79":689,"s:1604:29:1604:60":690,"s:1606:6:1606:Infinity":691,"s:1609:6:1609:Infinity":692,"s:1611:6:1616:Infinity":693,"s:1618:6:1624:Infinity":694,"b:1621:65:1621:78:1621:81:1621:96":228,"s:1630:0:1723:Infinity":695,"f:1637:2:1637:7":77,"s:1638:4:1721:Infinity":696,"s:1639:23:1639:58":697,"b:1642:6:1650:Infinity:undefined:undefined:undefined:undefined":229,"s:1642:6:1650:Infinity":698,"s:1643:8:1649:Infinity":699,"s:1653:6:1663:Infinity":700,"s:1654:8:1654:Infinity":701,"s:1656:8:1662:Infinity":702,"b:1665:6:1712:Infinity:1675:13:1712:Infinity":230,"s:1665:6:1712:Infinity":703,"s:1667:8:1667:Infinity":704,"s:1668:8:1668:Infinity":705,"s:1669:8:1674:Infinity":706,"s:1677:25:1677:48":707,"s:1678:28:1678:75":708,"s:1679:32:1679:64":709,"s:1682:8:1682:Infinity":710,"s:1685:8:1711:Infinity":711,"s:1686:10:1686:Infinity":712,"s:1688:22:1688:44":713,"s:1689:27:1689:55":714,"s:1690:28:1690:74":715,"s:1691:30:1691:62":716,"s:1692:37:1692:72":717,"s:1693:10:1693:Infinity":718,"s:1694:10:1694:Infinity":719,"s:1695:10:1700:Infinity":720,"s:1703:10:1703:Infinity":721,"s:1704:10:1704:Infinity":722,"s:1705:10:1710:Infinity":723,"s:1714:6:1720:Infinity":724,"b:1717:65:1717:78:1717:81:1717:96":231,"s:1726:0:1838:Infinity":725,"f:1734:2:1734:7":78,"s:1735:4:1836:Infinity":726,"s:1736:25:1736:39":727,"s:1737:25:1737:71":728,"b:1737:25:1737:29:1737:33:1737:71":232,"b:1740:6:1748:Infinity:undefined:undefined:undefined:undefined":233,"s:1740:6:1748:Infinity":729,"s:1741:8:1747:Infinity":730,"s:1750:26:1750:67":731,"s:1751:23:1751:41":732,"s:1752:23:1752:55":733,"s:1755:6:1755:Infinity":734,"s:1757:28:1757:30":735,"s:1758:18:1758:23":736,"s:1760:6:1765:Infinity":737,"s:1761:8:1761:Infinity":738,"s:1764:8:1764:Infinity":739,"b:1769:6:1813:Infinity:1784:13:1813:Infinity":234,"s:1769:6:1813:Infinity":740,"s:1771:28:1776:Infinity":741,"s:1777:24:1777:66":742,"b:1779:8:1783:Infinity:1781:15:1783:Infinity":235,"s:1779:8:1783:Infinity":743,"s:1780:10:1780:Infinity":744,"s:1782:10:1782:Infinity":745,"b:1786:8:1812:Infinity:1810:15:1812:Infinity":236,"s:1786:8:1812:Infinity":746,"s:1788:31:1788:69":747,"s:1789:31:1789:66":748,"b:1790:10:1809:Infinity:1806:17:1809:Infinity":237,"s:1790:10:1809:Infinity":749,"b:1790:14:1790:26:1790:30:1790:62":238,"s:1792:33:1792:51":750,"s:1793:33:1793:97":751,"s:1794:37:1794:64":752,"b:1796:12:1805:Infinity:1802:19:1805:Infinity":239,"s:1796:12:1805:Infinity":753,"b:1796:16:1796:32:1796:36:1796:72":240,"s:1798:34:1798:96":754,"s:1799:29:1799:80":755,"s:1800:28:1800:66":756,"s:1801:14:1801:Infinity":757,"s:1804:14:1804:Infinity":758,"s:1808:12:1808:Infinity":759,"s:1811:10:1811:Infinity":760,"s:1815:6:1815:Infinity":761,"s:1818:6:1818:Infinity":762,"s:1820:6:1827:Infinity":763,"b:1824:14:1824:Infinity:1825:14:1825:69":241,"s:1829:6:1835:Infinity":764,"b:1832:67:1832:80:1832:83:1832:98":242,"s:1841:0:1944:Infinity":765,"f:1849:2:1849:7":79,"s:1850:4:1942:Infinity":766,"s:1851:24:1851:38":767,"b:1851:24:1851:29:1851:33:1851:38":243,"s:1852:25:1852:36":768,"b:1852:25:1852:30:1852:34:1852:36":244,"s:1853:25:1853:39":769,"s:1854:101:1854:103":770,"f:1856:21:1856:30":80,"b:1857:8:1857:Infinity:undefined:undefined:undefined:undefined":245,"s:1857:8:1857:Infinity":771,"s:1857:42:1857:Infinity":772,"s:1859:24:1859:70":773,"s:1861:8:1898:Infinity":774,"b:1862:10:1862:Infinity:undefined:undefined:undefined:undefined":246,"s:1862:10:1862:Infinity":775,"s:1862:44:1862:Infinity":776,"b:1863:10:1863:Infinity:undefined:undefined:undefined:undefined":247,"s:1863:10:1863:Infinity":777,"s:1863:42:1863:Infinity":778,"s:1865:27:1865:53":779,"b:1867:10:1897:Infinity:1869:17:1897:Infinity":248,"s:1867:10:1897:Infinity":780,"s:1868:12:1868:Infinity":781,"b:1869:17:1897:Infinity:undefined:undefined:undefined:undefined":249,"s:1869:17:1897:Infinity":782,"s:1870:12:1896:Infinity":783,"s:1871:30:1871:66":784,"s:1872:29:1872:54":785,"b:1874:14:1893:Infinity:undefined:undefined:undefined:undefined":250,"s:1874:14:1893:Infinity":786,"b:1874:18:1874:43:1874:47:1874:85":251,"s:1875:33:1875:68":787,"s:1876:36:1876:74":788,"f:1876:48:1876:49":81,"s:1876:53:1876:73":789,"s:1878:32:1880:42":790,"b:1879:20:1879:Infinity:1880:20:1880:42":252,"b:1882:16:1892:Infinity:undefined:undefined:undefined:undefined":253,"s:1882:16:1892:Infinity":791,"s:1883:39:1883:74":792,"s:1884:32:1884:89":793,"b:1884:32:1884:56:1884:60:1884:89":254,"s:1886:18:1891:Infinity":794,"s:1901:6:1901:Infinity":795,"b:1903:6:1910:Infinity:undefined:undefined:undefined:undefined":255,"s:1903:6:1910:Infinity":796,"s:1904:8:1909:Infinity":797,"b:1907:63:1907:68:1907:71:1907:76":256,"s:1913:6:1913:Infinity":798,"f:1913:19:1913:20":82,"s:1913:29:1913:72":799,"s:1915:25:1915:110":800,"b:1915:68:1915:73:1915:76:1915:81":257,"s:1916:6:1916:Infinity":801,"s:1918:6:1926:Infinity":802,"f:1918:22:1918:23":83,"s:1919:8:1919:Infinity":803,"s:1920:8:1920:Infinity":804,"s:1921:8:1921:Infinity":805,"b:1922:8:1924:Infinity:undefined:undefined:undefined:undefined":258,"s:1922:8:1924:Infinity":806,"s:1923:10:1923:Infinity":807,"s:1925:8:1925:Infinity":808,"s:1928:6:1933:Infinity":809,"s:1935:6:1941:Infinity":810,"b:1938:68:1938:81:1938:84:1938:99":259,"s:1947:0:1997:Infinity":811,"f:1953:2:1953:7":84,"s:1954:4:1995:Infinity":812,"s:1956:23:1956:48":813,"s:1958:24:1958:69":814,"b:1960:6:1967:Infinity:undefined:undefined:undefined:undefined":260,"s:1960:6:1967:Infinity":815,"s:1961:8:1966:Infinity":816,"s:1970:6:1970:Infinity":817,"f:1970:21:1970:22":85,"s:1970:31:1970:56":818,"s:1972:25:1972:61":819,"s:1973:6:1973:Infinity":820,"s:1975:6:1979:Infinity":821,"f:1975:24:1975:25":86,"s:1976:8:1976:Infinity":822,"s:1977:8:1977:Infinity":823,"s:1978:8:1978:Infinity":824,"b:1978:73:1978:76:1978:79:1978:81":261,"s:1981:6:1986:Infinity":825,"s:1988:6:1994:Infinity":826,"b:1991:69:1991:82:1991:85:1991:100":262,"s:2000:0:2086:Infinity":827,"f:2006:2:2006:7":87,"s:2007:4:2084:Infinity":828,"s:2008:26:2008:63":829,"b:2010:6:2017:Infinity:undefined:undefined:undefined:undefined":263,"s:2010:6:2017:Infinity":830,"s:2011:8:2016:Infinity":831,"s:2019:26:2019:93":832,"f:2019:45:2019:46":88,"s:2019:60:2019:89":833,"s:2020:25:2020:50":834,"s:2021:6:2021:Infinity":835,"s:2024:6:2024:Infinity":836,"f:2024:23:2024:24":89,"s:2024:33:2024:76":837,"s:2026:23:2026:24":838,"s:2027:6:2061:Infinity":839,"s:2028:8:2028:Infinity":840,"s:2029:8:2029:Infinity":841,"s:2030:8:2030:Infinity":842,"s:2031:8:2033:Infinity":843,"f:2031:33:2031:37":90,"s:2032:10:2032:Infinity":844,"s:2034:8:2034:Infinity":845,"b:2037:8:2060:Infinity:undefined:undefined:undefined:undefined":264,"s:2037:8:2060:Infinity":846,"s:2038:27:2038:63":847,"s:2039:10:2059:Infinity":848,"s:2040:26:2040:62":849,"s:2041:12:2054:Infinity":850,"s:2043:34:2043:77":851,"s:2046:14:2049:Infinity":852,"s:2050:14:2053:Infinity":853,"b:2052:16:2052:37:2052:41:2052:45":265,"s:2055:12:2055:Infinity":854,"s:2056:12:2056:Infinity":855,"b:2063:6:2068:Infinity:2066:13:2068:Infinity":266,"s:2063:6:2068:Infinity":856,"s:2064:8:2064:Infinity":857,"s:2065:8:2065:Infinity":858,"s:2067:8:2067:Infinity":859,"s:2070:6:2075:Infinity":860,"s:2077:6:2083:Infinity":861,"b:2080:68:2080:81:2080:84:2080:99":267,"s:2089:0:2200:Infinity":862,"f:2097:2:2097:7":91,"s:2098:4:2198:Infinity":863,"s:2099:32:2099:53":864,"s:2100:23:2100:58":865,"s:2101:24:2101:46":866,"s:2102:22:2102:51":867,"s:2103:26:2103:41":868,"s:2104:26:2104:59":869,"s:2105:30:2105:76":870,"b:2108:6:2116:Infinity:undefined:undefined:undefined:undefined":268,"s:2108:6:2116:Infinity":871,"s:2109:8:2115:Infinity":872,"s:2119:6:2129:Infinity":873,"s:2120:8:2120:Infinity":874,"s:2122:8:2128:Infinity":875,"s:2132:6:2143:Infinity":876,"s:2133:8:2133:Infinity":877,"s:2134:8:2140:Infinity":878,"s:2146:6:2146:Infinity":879,"s:2149:6:2160:Infinity":880,"s:2150:24:2150:63":881,"s:2151:23:2151:48":882,"b:2152:8:2157:Infinity:undefined:undefined:undefined:undefined":269,"s:2152:8:2157:Infinity":883,"s:2153:10:2153:Infinity":884,"f:2153:81:2153:82":92,"s:2153:86:2153:101":885,"s:2154:26:2154:90":886,"s:2155:29:2155:67":887,"s:2156:10:2156:Infinity":888,"s:2163:25:2163:26":889,"b:2164:6:2174:Infinity:undefined:undefined:undefined:undefined":270,"s:2164:6:2174:Infinity":890,"s:2165:26:2165:70":891,"s:2167:8:2173:Infinity":892,"s:2168:31:2168:71":893,"b:2169:10:2169:53:undefined:undefined:undefined:undefined":271,"s:2169:10:2169:53":894,"s:2169:44:2169:53":895,"s:2171:26:2171:85":896,"b:2172:10:2172:Infinity:undefined:undefined:undefined:undefined":272,"s:2172:10:2172:Infinity":897,"s:2172:23:2172:Infinity":898,"s:2177:6:2177:Infinity":899,"s:2179:25:2179:68":900,"b:2180:6:2182:Infinity:undefined:undefined:undefined:undefined":273,"s:2180:6:2182:Infinity":901,"s:2181:8:2181:Infinity":902,"s:2184:6:2189:Infinity":903,"s:2191:6:2197:Infinity":904,"b:2194:65:2194:78:2194:81:2194:96":274,"s:2203:0:2331:Infinity":905,"f:2211:2:2211:7":93,"s:2212:4:2329:Infinity":906,"s:2213:25:2213:58":907,"s:2214:23:2214:44":908,"s:2215:25:2215:63":909,"s:2216:23:2216:54":910,"s:2217:23:2217:50":911,"b:2220:6:2228:Infinity:undefined:undefined:undefined:undefined":275,"s:2220:6:2228:Infinity":912,"s:2221:8:2227:Infinity":913,"b:2231:6:2239:Infinity:undefined:undefined:undefined:undefined":276,"s:2231:6:2239:Infinity":914,"s:2232:8:2238:Infinity":915,"s:2242:6:2252:Infinity":916,"s:2243:8:2243:Infinity":917,"s:2245:8:2251:Infinity":918,"s:2255:6:2266:Infinity":919,"s:2256:8:2256:Infinity":920,"s:2257:8:2263:Infinity":921,"s:2269:6:2269:Infinity":922,"s:2272:6:2272:Infinity":923,"s:2275:25:2275:26":924,"b:2276:6:2305:Infinity:undefined:undefined:undefined:undefined":277,"s:2276:6:2305:Infinity":925,"s:2278:26:2278:71":926,"s:2283:30:2283:50":927,"s:2284:30:2284:41":928,"s:2286:8:2304:Infinity":929,"s:2287:31:2287:71":930,"s:2288:10:2303:Infinity":931,"s:2289:28:2289:68":932,"s:2291:32:2291:97":933,"b:2291:56:2291:86:2291:89:2291:97":278,"s:2292:32:2292:62":934,"b:2294:12:2300:Infinity:undefined:undefined:undefined:undefined":279,"s:2294:12:2300:Infinity":935,"b:2294:16:2294:54:2294:58:2294:95":280,"s:2295:37:2297:128":936,"s:2298:14:2298:Infinity":937,"s:2299:14:2299:Infinity":938,"s:2308:6:2308:Infinity":939,"s:2310:25:2310:72":940,"b:2311:6:2313:Infinity:undefined:undefined:undefined:undefined":281,"s:2311:6:2313:Infinity":941,"s:2312:8:2312:Infinity":942,"s:2315:6:2320:Infinity":943,"s:2322:6:2328:Infinity":944,"b:2325:63:2325:76:2325:79:2325:94":282,"f:2334:15:2334:19":94,"s:2335:20:2335:46":945,"s:2336:2:2336:Infinity":946,"s:2337:2:2337:Infinity":947,"s:2340:0:2343:Infinity":948,"f:2340:13:2340:14":95,"s:2341:2:2341:Infinity":949,"s:2342:2:2342:Infinity":950}}}
}
